Watching for file changes with StatReloader
Waiting for apps ready_event.
Apps ready_event triggered. Sending autoreload_started signal.
Watching dir /home/muthoni/Desktop/present/Project/Janja program/Django codes/LearnDjango2/TodoApp2/todo_project/templates with glob **/*.
Watching dir /home/muthoni/Desktop/present/Project/Janja program/Django codes/LearnDjango2/TodoApp2/.julie/lib/python3.12/site-packages/bootstrap5/templates with glob **/*.
Watching dir /home/muthoni/Desktop/present/Project/Janja program/Django codes/LearnDjango2/TodoApp2/.julie/lib/python3.12/site-packages/debug_toolbar/templates with glob **/*.
Watching dir /home/muthoni/Desktop/present/Project/Janja program/Django codes/LearnDjango2/TodoApp2/todo_project/todo_app/templates with glob **/*.
Watching dir /home/muthoni/Desktop/present/Project/Janja program/Django codes/LearnDjango2/TodoApp2/todo_project/accounts/templates with glob **/*.
Watching dir /home/muthoni/Desktop/present/Project/Janja program/Django codes/LearnDjango2/TodoApp2/todo_project/locale with glob **/*.mo.
Watching dir /home/muthoni/Desktop/present/Project/Janja program/Django codes/LearnDjango2/TodoApp2/todo_project/todo_app/locale with glob **/*.mo.
Watching dir /home/muthoni/Desktop/present/Project/Janja program/Django codes/LearnDjango2/TodoApp2/.julie/lib/python3.12/site-packages/bootstrap5/locale with glob **/*.mo.
Watching dir /home/muthoni/Desktop/present/Project/Janja program/Django codes/LearnDjango2/TodoApp2/todo_project/accounts/locale with glob **/*.mo.
Watching dir /home/muthoni/Desktop/present/Project/Janja program/Django codes/LearnDjango2/TodoApp2/.julie/lib/python3.12/site-packages/debug_toolbar/locale with glob **/*.mo.
(0.000) 
            SELECT name, type FROM sqlite_master
            WHERE type in ('table', 'view') AND NOT name='sqlite_sequence'
            ORDER BY name; args=None; alias=default
(0.000) SELECT "django_migrations"."id", "django_migrations"."app", "django_migrations"."name", "django_migrations"."applied" FROM "django_migrations"; args=(); alias=default
File /usr/lib/python3.12/warnings.py first seen with mtime 1722447828.0
File /home/muthoni/Desktop/present/Project/Janja program/Django codes/LearnDjango2/TodoApp2/.julie/lib/python3.12/site-packages/django/db/models/sql/__init__.py first seen with mtime 1724746733.484507
File /home/muthoni/Desktop/present/Project/Janja program/Django codes/LearnDjango2/TodoApp2/.julie/lib/python3.12/site-packages/django/contrib/auth/middleware.py first seen with mtime 1724746732.877656
File /usr/lib/python3.12/wsgiref/util.py first seen with mtime 1722447828.0
File /home/muthoni/Desktop/present/Project/Janja program/Django codes/LearnDjango2/TodoApp2/.julie/lib/python3.12/site-packages/django/conf/locale/__init__.py first seen with mtime 1724746732.6087232
File /usr/lib/python3.12/importlib/metadata/_itertools.py first seen with mtime 1722447828.0
File /usr/lib/python3.12/json/encoder.py first seen with mtime 1722447828.0
File /home/muthoni/Desktop/present/Project/Janja program/Django codes/LearnDjango2/TodoApp2/.julie/lib/python3.12/site-packages/django/contrib/sessions/apps.py first seen with mtime 1724746733.254563
File /usr/lib/python3.12/unittest/loader.py first seen with mtime 1722447828.0
File /usr/lib/python3.12/logging/config.py first seen with mtime 1722447828.0
File /home/muthoni/Desktop/present/Project/Janja program/Django codes/LearnDjango2/TodoApp2/.julie/lib/python3.12/site-packages/django/contrib/contenttypes/views.py first seen with mtime 1724746732.9386406
File /usr/lib/python3.12/platform.py first seen with mtime 1722447828.0
File /usr/lib/python3.12/pstats.py first seen with mtime 1722447828.0
File /usr/lib/python3.12/re/__init__.py first seen with mtime 1722447828.0
File /home/muthoni/Desktop/present/Project/Janja program/Django codes/LearnDjango2/TodoApp2/.julie/lib/python3.12/site-packages/django/contrib/staticfiles/apps.py first seen with mtime 1724746733.366536
File /usr/lib/python3.12/contextlib.py first seen with mtime 1722447828.0
File /home/muthoni/Desktop/present/Project/Janja program/Django codes/LearnDjango2/TodoApp2/.julie/lib/python3.12/site-packages/django/core/checks/security/__init__.py first seen with mtime 1724746733.382532
File /home/muthoni/Desktop/present/Project/Janja program/Django codes/LearnDjango2/TodoApp2/.julie/lib/python3.12/site-packages/django/core/handlers/base.py first seen with mtime 1724746733.3925295
File /home/muthoni/Desktop/present/Project/Janja program/Django codes/LearnDjango2/TodoApp2/.julie/lib/python3.12/site-packages/django/utils/text.py first seen with mtime 1724746733.5574894
File /usr/lib/python3.12/operator.py first seen with mtime 1722447828.0
File /home/muthoni/Desktop/present/Project/Janja program/Django codes/LearnDjango2/TodoApp2/.julie/lib/python3.12/site-packages/django/core/files/storage/handler.py first seen with mtime 1724746733.3885305
File /home/muthoni/Desktop/present/Project/Janja program/Django codes/LearnDjango2/TodoApp2/.julie/lib/python3.12/site-packages/django/utils/translation/reloader.py first seen with mtime 1724746733.558489
File /home/muthoni/Desktop/present/Project/Janja program/Django codes/LearnDjango2/TodoApp2/.julie/lib/python3.12/site-packages/django/core/mail/__init__.py first seen with mtime 1724746733.3935292
File /usr/lib/python3.12/base64.py first seen with mtime 1722447828.0
File /usr/lib/python3.12/concurrent/futures/_base.py first seen with mtime 1722447828.0
File /home/muthoni/Desktop/present/Project/Janja program/Django codes/LearnDjango2/TodoApp2/.julie/lib/python3.12/site-packages/django/core/management/base.py first seen with mtime 1724746733.3965285
File /home/muthoni/Desktop/present/Project/Janja program/Django codes/LearnDjango2/TodoApp2/.julie/lib/python3.12/site-packages/django/db/backends/base/client.py first seen with mtime 1724746733.4115248
File /home/muthoni/Desktop/present/Project/Janja program/Django codes/LearnDjango2/TodoApp2/todo_project/todo_app/templatetags/__init__.py first seen with mtime 1724921473.8266306
File /usr/lib/python3.12/xml/dom/minidom.py first seen with mtime 1722447828.0
File /home/muthoni/Desktop/present/Project/Janja program/Django codes/LearnDjango2/TodoApp2/.julie/lib/python3.12/site-packages/django/forms/forms.py first seen with mtime 1724746733.496504
File /home/muthoni/Desktop/present/Project/Janja program/Django codes/LearnDjango2/TodoApp2/.julie/lib/python3.12/site-packages/django/template/loaders/filesystem.py first seen with mtime 1724746733.5414932
File /usr/lib/python3.12/asyncio/threads.py first seen with mtime 1722447828.0
File /usr/lib/python3.12/_markupbase.py first seen with mtime 1722447828.0
File /home/muthoni/Desktop/present/Project/Janja program/Django codes/LearnDjango2/TodoApp2/todo_project/todo_project/__init__.py first seen with mtime 1723140138.9304066
File /usr/lib/python3.12/cProfile.py first seen with mtime 1722447828.0
File /home/muthoni/Desktop/present/Project/Janja program/Django codes/LearnDjango2/TodoApp2/todo_project/todo_app/templatetags/task_filters.py first seen with mtime 1724923088.899688
File /home/muthoni/Desktop/present/Project/Janja program/Django codes/LearnDjango2/TodoApp2/.julie/lib/python3.12/site-packages/django/utils/timezone.py first seen with mtime 1724746733.5574894
File /home/muthoni/Desktop/present/Project/Janja program/Django codes/LearnDjango2/TodoApp2/.julie/lib/python3.12/site-packages/django/core/checks/registry.py first seen with mtime 1724746733.3795326
File /home/muthoni/Desktop/present/Project/Janja program/Django codes/LearnDjango2/TodoApp2/.julie/lib/python3.12/site-packages/bootstrap5/text.py first seen with mtime 1724746735.3710585
File /home/muthoni/Desktop/present/Project/Janja program/Django codes/LearnDjango2/TodoApp2/.julie/lib/python3.12/site-packages/django/db/backends/base/validation.py first seen with mtime 1724746733.4135244
File /home/muthoni/Desktop/present/Project/Janja program/Django codes/LearnDjango2/TodoApp2/.julie/lib/python3.12/site-packages/django/contrib/staticfiles/management/commands/runserver.py first seen with mtime 1724746733.3715346
File /home/muthoni/Desktop/present/Project/Janja program/Django codes/LearnDjango2/TodoApp2/.julie/lib/python3.12/site-packages/sqlparse/__init__.py first seen with mtime 1722886736.4786808
File /home/muthoni/Desktop/present/Project/Janja program/Django codes/LearnDjango2/TodoApp2/.julie/lib/python3.12/site-packages/django/contrib/admin/checks.py first seen with mtime 1724746732.705699
File /home/muthoni/Desktop/present/Project/Janja program/Django codes/LearnDjango2/TodoApp2/.julie/lib/python3.12/site-packages/django/db/models/functions/window.py first seen with mtime 1724746733.4835074
File /usr/lib/python3.12/email/feedparser.py first seen with mtime 1722447828.0
File /home/muthoni/Desktop/present/Project/Janja program/Django codes/LearnDjango2/TodoApp2/.julie/lib/python3.12/site-packages/django/views/decorators/common.py first seen with mtime 1724746733.562488
File /usr/lib/python3.12/importlib/__init__.py first seen with mtime 1722447828.0
File /home/muthoni/Desktop/present/Project/Janja program/Django codes/LearnDjango2/TodoApp2/.julie/lib/python3.12/site-packages/django/core/serializers/python.py first seen with mtime 1724746733.4075258
File /home/muthoni/Desktop/present/Project/Janja program/Django codes/LearnDjango2/TodoApp2/.julie/lib/python3.12/site-packages/django/db/migrations/__init__.py first seen with mtime 1724746733.4335196
File /usr/lib/python3.12/lib-dynload/_sqlite3.cpython-312-x86_64-linux-gnu.so first seen with mtime 1722447828.0
File /home/muthoni/Desktop/present/Project/Janja program/Django codes/LearnDjango2/TodoApp2/.julie/lib/python3.12/site-packages/django/db/backends/base/introspection.py first seen with mtime 1724746733.4125247
File /home/muthoni/Desktop/present/Project/Janja program/Django codes/LearnDjango2/TodoApp2/.julie/lib/python3.12/site-packages/django/contrib/admin/sites.py first seen with mtime 1724746732.7076986
File /home/muthoni/Desktop/present/Project/Janja program/Django codes/LearnDjango2/TodoApp2/.julie/lib/python3.12/site-packages/django/db/backends/__init__.py first seen with mtime 1724746733.4095254
File /usr/lib/python3.12/asyncio/log.py first seen with mtime 1722447828.0
File /usr/lib/python3.12/importlib/resources/__init__.py first seen with mtime 1722447828.0
File /usr/lib/python3.12/xml/dom/minicompat.py first seen with mtime 1722447828.0
File /usr/lib/python3.12/unittest/util.py first seen with mtime 1722447828.0
File /home/muthoni/Desktop/present/Project/Janja program/Django codes/LearnDjango2/TodoApp2/.julie/lib/python3.12/site-packages/django/core/signals.py first seen with mtime 1724746733.3735342
File /home/muthoni/Desktop/present/Project/Janja program/Django codes/LearnDjango2/TodoApp2/.julie/lib/python3.12/site-packages/django/db/backends/sqlite3/schema.py first seen with mtime 1724746733.4335196
File /usr/lib/python3.12/decimal.py first seen with mtime 1722447828.0
File /usr/lib/python3.12/email/policy.py first seen with mtime 1722447828.0
File /home/muthoni/Desktop/present/Project/Janja program/Django codes/LearnDjango2/TodoApp2/.julie/lib/python3.12/site-packages/django/db/backends/sqlite3/operations.py first seen with mtime 1724746733.4325197
File /home/muthoni/Desktop/present/Project/Janja program/Django codes/LearnDjango2/TodoApp2/.julie/lib/python3.12/site-packages/django/db/models/fields/related.py first seen with mtime 1724746733.476509
File /home/muthoni/Desktop/present/Project/Janja program/Django codes/LearnDjango2/TodoApp2/.julie/lib/python3.12/site-packages/django/dispatch/dispatcher.py first seen with mtime 1724746733.4945047
File /home/muthoni/Desktop/present/Project/Janja program/Django codes/LearnDjango2/TodoApp2/.julie/lib/python3.12/site-packages/django/shortcuts.py first seen with mtime 1724746732.605724
File /usr/lib/python3.12/random.py first seen with mtime 1722447828.0
File /home/muthoni/Desktop/present/Project/Janja program/Django codes/LearnDjango2/TodoApp2/.julie/lib/python3.12/site-packages/django/db/models/fields/related_lookups.py first seen with mtime 1724746733.4775088
File /home/muthoni/Desktop/present/Project/Janja program/Django codes/LearnDjango2/TodoApp2/.julie/lib/python3.12/site-packages/django/contrib/admin/views/main.py first seen with mtime 1724746732.8206701
File /usr/lib/python3.12/http/server.py first seen with mtime 1722447828.0
File /home/muthoni/Desktop/present/Project/Janja program/Django codes/LearnDjango2/TodoApp2/.julie/lib/python3.12/site-packages/django/core/cache/__init__.py first seen with mtime 1724746733.374534
File /usr/lib/python3.12/importlib/metadata/_adapters.py first seen with mtime 1722447828.0
File /home/muthoni/Desktop/present/Project/Janja program/Django codes/LearnDjango2/TodoApp2/.julie/lib/python3.12/site-packages/django/utils/ipv6.py first seen with mtime 1724746733.55449
File /home/muthoni/Desktop/present/Project/Janja program/Django codes/LearnDjango2/TodoApp2/.julie/lib/python3.12/site-packages/sqlparse/formatter.py first seen with mtime 1722886736.480681
File /home/muthoni/Desktop/present/Project/Janja program/Django codes/LearnDjango2/TodoApp2/.julie/lib/python3.12/site-packages/sqlparse/lexer.py first seen with mtime 1722886736.480681
File /home/muthoni/Desktop/present/Project/Janja program/Django codes/LearnDjango2/TodoApp2/.julie/lib/python3.12/site-packages/django/templatetags/i18n.py first seen with mtime 1724746733.5424929
File /home/muthoni/Desktop/present/Project/Janja program/Django codes/LearnDjango2/TodoApp2/.julie/lib/python3.12/site-packages/django/contrib/messages/middleware.py first seen with mtime 1724746733.1535878
File /home/muthoni/Desktop/present/Project/Janja program/Django codes/LearnDjango2/TodoApp2/.julie/lib/python3.12/site-packages/django/contrib/auth/decorators.py first seen with mtime 1724746732.876656
File /home/muthoni/Desktop/present/Project/Janja program/Django codes/LearnDjango2/TodoApp2/.julie/lib/python3.12/site-packages/django/views/generic/edit.py first seen with mtime 1724746733.5654874
File /home/muthoni/Desktop/present/Project/Janja program/Django codes/LearnDjango2/TodoApp2/.julie/lib/python3.12/site-packages/sqlparse/filters/tokens.py first seen with mtime 1722886736.484681
File /home/muthoni/Desktop/present/Project/Janja program/Django codes/LearnDjango2/TodoApp2/.julie/lib/python3.12/site-packages/django/contrib/contenttypes/forms.py first seen with mtime 1724746732.9386406
File /usr/lib/python3.12/reprlib.py first seen with mtime 1722447828.0
File /home/muthoni/Desktop/present/Project/Janja program/Django codes/LearnDjango2/TodoApp2/.julie/lib/python3.12/site-packages/django/utils/dateparse.py first seen with mtime 1724746733.550491
File /home/muthoni/Desktop/present/Project/Janja program/Django codes/LearnDjango2/TodoApp2/.julie/lib/python3.12/site-packages/django/db/migrations/operations/fields.py first seen with mtime 1724746733.448516
File /usr/lib/python3.12/lib-dynload/_json.cpython-312-x86_64-linux-gnu.so first seen with mtime 1722447828.0
File /home/muthoni/Desktop/present/Project/Janja program/Django codes/LearnDjango2/TodoApp2/.julie/lib/python3.12/site-packages/django/conf/global_settings.py first seen with mtime 1724746732.6067238
File /home/muthoni/Desktop/present/Project/Janja program/Django codes/LearnDjango2/TodoApp2/.julie/lib/python3.12/site-packages/django/contrib/auth/checks.py first seen with mtime 1724746732.8756564
File /home/muthoni/Desktop/present/Project/Janja program/Django codes/LearnDjango2/TodoApp2/.julie/lib/python3.12/site-packages/django/utils/translation/__init__.py first seen with mtime 1724746733.558489
File /home/muthoni/Desktop/present/Project/Janja program/Django codes/LearnDjango2/TodoApp2/.julie/lib/python3.12/site-packages/django/urls/exceptions.py first seen with mtime 1724746733.5464919
File /usr/lib/python3.12/linecache.py first seen with mtime 1722447828.0
File /usr/lib/python3.12/heapq.py first seen with mtime 1722447828.0
File /home/muthoni/Desktop/present/Project/Janja program/Django codes/LearnDjango2/TodoApp2/.julie/lib/python3.12/site-packages/debug_toolbar/panels/history/panel.py first seen with mtime 1724927981.4808624
File /home/muthoni/Desktop/present/Project/Janja program/Django codes/LearnDjango2/TodoApp2/.julie/lib/python3.12/site-packages/django/contrib/admin/actions.py first seen with mtime 1724746732.705699
File /home/muthoni/Desktop/present/Project/Janja program/Django codes/LearnDjango2/TodoApp2/.julie/lib/python3.12/site-packages/debug_toolbar/panels/request.py first seen with mtime 1724927981.4788623
File /home/muthoni/Desktop/present/Project/Janja program/Django codes/LearnDjango2/TodoApp2/.julie/lib/python3.12/site-packages/django/contrib/admin/helpers.py first seen with mtime 1724746732.7066987
File /home/muthoni/Desktop/present/Project/Janja program/Django codes/LearnDjango2/TodoApp2/.julie/lib/python3.12/site-packages/django/contrib/contenttypes/__init__.py first seen with mtime 1724746732.9366412
File /home/muthoni/Desktop/present/Project/Janja program/Django codes/LearnDjango2/TodoApp2/.julie/lib/python3.12/site-packages/django/core/checks/compatibility/__init__.py first seen with mtime 1724746733.3805325
File /home/muthoni/Desktop/present/Project/Janja program/Django codes/LearnDjango2/TodoApp2/.julie/lib/python3.12/site-packages/django/db/models/constraints.py first seen with mtime 1724746733.4575136
File /home/muthoni/Desktop/present/Project/Janja program/Django codes/LearnDjango2/TodoApp2/.julie/lib/python3.12/site-packages/django/middleware/gzip.py first seen with mtime 1724746733.5344949
File /home/muthoni/Desktop/present/Project/Janja program/Django codes/LearnDjango2/TodoApp2/.julie/lib/python3.12/site-packages/django/contrib/auth/password_validation.py first seen with mtime 1724746732.8786557
File /home/muthoni/Desktop/present/Project/Janja program/Django codes/LearnDjango2/TodoApp2/.julie/lib/python3.12/site-packages/django/contrib/auth/tokens.py first seen with mtime 1724746732.8786557
File /home/muthoni/Desktop/present/Project/Janja program/Django codes/LearnDjango2/TodoApp2/.julie/lib/python3.12/site-packages/django/views/csrf.py first seen with mtime 1724746733.5604885
File /home/muthoni/Desktop/present/Project/Janja program/Django codes/LearnDjango2/TodoApp2/todo_project/todo_project/settings.py first seen with mtime 1724929085.2449017
File /home/muthoni/Desktop/present/Project/Janja program/Django codes/LearnDjango2/TodoApp2/.julie/lib/python3.12/site-packages/django/urls/utils.py first seen with mtime 1724746733.5464919
File /usr/lib/python3.12/re/_casefix.py first seen with mtime 1722447828.0
File /home/muthoni/Desktop/present/Project/Janja program/Django codes/LearnDjango2/TodoApp2/.julie/lib/python3.12/site-packages/django/middleware/security.py first seen with mtime 1724746733.5354946
File /home/muthoni/Desktop/present/Project/Janja program/Django codes/LearnDjango2/TodoApp2/.julie/lib/python3.12/site-packages/django/db/models/query.py first seen with mtime 1724746733.4665115
File /usr/lib/python3.12/typing.py first seen with mtime 1722447828.0
File /home/muthoni/Desktop/present/Project/Janja program/Django codes/LearnDjango2/TodoApp2/.julie/lib/python3.12/site-packages/django/db/models/fields/mixins.py first seen with mtime 1724746733.47251
File /usr/lib/python3.12/asyncio/transports.py first seen with mtime 1722447828.0
File /home/muthoni/Desktop/present/Project/Janja program/Django codes/LearnDjango2/TodoApp2/.julie/lib/python3.12/site-packages/debug_toolbar/panels/sql/__init__.py first seen with mtime 1724927981.4818623
File /home/muthoni/Desktop/present/Project/Janja program/Django codes/LearnDjango2/TodoApp2/.julie/lib/python3.12/site-packages/sqlparse/filters/right_margin.py first seen with mtime 1722886736.484681
File /usr/lib/python3.12/json/decoder.py first seen with mtime 1722447828.0
File /home/muthoni/Desktop/present/Project/Janja program/Django codes/LearnDjango2/TodoApp2/.julie/lib/python3.12/site-packages/sqlparse/filters/aligned_indent.py first seen with mtime 1722886736.483681
File /home/muthoni/Desktop/present/Project/Janja program/Django codes/LearnDjango2/TodoApp2/.julie/lib/python3.12/site-packages/django/core/wsgi.py first seen with mtime 1724746733.374534
File /home/muthoni/Desktop/present/Project/Janja program/Django codes/LearnDjango2/TodoApp2/.julie/lib/python3.12/site-packages/django/contrib/admin/utils.py first seen with mtime 1724746732.7076986
File /usr/lib/python3.12/http/__init__.py first seen with mtime 1722447828.0
File /home/muthoni/Desktop/present/Project/Janja program/Django codes/LearnDjango2/TodoApp2/.julie/lib/python3.12/site-packages/sqlparse/cli.py first seen with mtime 1722886736.4796808
File /usr/lib/python3.12/token.py first seen with mtime 1722447828.0
File /home/muthoni/Desktop/present/Project/Janja program/Django codes/LearnDjango2/TodoApp2/.julie/lib/python3.12/site-packages/django/contrib/sessions/models.py first seen with mtime 1724746733.2555628
File /usr/lib/python3.12/json/scanner.py first seen with mtime 1722447828.0
File /home/muthoni/Desktop/present/Project/Janja program/Django codes/LearnDjango2/TodoApp2/.julie/lib/python3.12/site-packages/django/db/migrations/operations/special.py first seen with mtime 1724746733.4495156
File /usr/lib/python3.12/asyncio/selector_events.py first seen with mtime 1722447828.0
File /home/muthoni/Desktop/present/Project/Janja program/Django codes/LearnDjango2/TodoApp2/.julie/lib/python3.12/site-packages/bootstrap5/forms.py first seen with mtime 1724746735.369059
File /home/muthoni/Desktop/present/Project/Janja program/Django codes/LearnDjango2/TodoApp2/.julie/lib/python3.12/site-packages/django/conf/__init__.py first seen with mtime 1724746732.6067238
File /home/muthoni/Desktop/present/Project/Janja program/Django codes/LearnDjango2/TodoApp2/.julie/lib/python3.12/site-packages/django/middleware/cache.py first seen with mtime 1724746733.5324953
File /home/muthoni/Desktop/present/Project/Janja program/Django codes/LearnDjango2/TodoApp2/.julie/lib/python3.12/site-packages/django/contrib/contenttypes/checks.py first seen with mtime 1724746732.937641
File /home/muthoni/Desktop/present/Project/Janja program/Django codes/LearnDjango2/TodoApp2/.julie/lib/python3.12/site-packages/django/contrib/messages/storage/__init__.py first seen with mtime 1724746733.1545875
File /home/muthoni/Desktop/present/Project/Janja program/Django codes/LearnDjango2/TodoApp2/.julie/lib/python3.12/site-packages/django/forms/models.py first seen with mtime 1724746733.497504
File /usr/lib/python3.12/importlib/metadata/_functools.py first seen with mtime 1722447828.0
File /usr/lib/python3.12/lib-dynload/termios.cpython-312-x86_64-linux-gnu.so first seen with mtime 1722447828.0
File /home/muthoni/Desktop/present/Project/Janja program/Django codes/LearnDjango2/TodoApp2/.julie/lib/python3.12/site-packages/django/db/models/sql/subqueries.py first seen with mtime 1724746733.493505
File /home/muthoni/Desktop/present/Project/Janja program/Django codes/LearnDjango2/TodoApp2/.julie/lib/python3.12/site-packages/django/contrib/sessions/middleware.py first seen with mtime 1724746733.2555628
File /usr/lib/python3.12/email/__init__.py first seen with mtime 1722447828.0
File /home/muthoni/Desktop/present/Project/Janja program/Django codes/LearnDjango2/TodoApp2/.julie/lib/python3.12/site-packages/debug_toolbar/panels/alerts.py first seen with mtime 1724927981.4778624
File /home/muthoni/Desktop/present/Project/Janja program/Django codes/LearnDjango2/TodoApp2/.julie/lib/python3.12/site-packages/django/db/models/fields/related_descriptors.py first seen with mtime 1724746733.4775088
File /home/muthoni/Desktop/present/Project/Janja program/Django codes/LearnDjango2/TodoApp2/.julie/lib/python3.12/site-packages/debug_toolbar/panels/cache.py first seen with mtime 1724927981.4778624
File /home/muthoni/Desktop/present/Project/Janja program/Django codes/LearnDjango2/TodoApp2/.julie/lib/python3.12/site-packages/django/core/checks/urls.py first seen with mtime 1724746733.3805325
File /usr/lib/python3.12/gettext.py first seen with mtime 1722447828.0
File /home/muthoni/Desktop/present/Project/Janja program/Django codes/LearnDjango2/TodoApp2/.julie/lib/python3.12/site-packages/django/core/files/uploadhandler.py first seen with mtime 1724746733.3875308
File /usr/lib/python3.12/secrets.py first seen with mtime 1722447828.0
File /usr/lib/python3.12/asyncio/locks.py first seen with mtime 1722447828.0
File /home/muthoni/Desktop/present/Project/Janja program/Django codes/LearnDjango2/TodoApp2/.julie/lib/python3.12/site-packages/django/core/files/temp.py first seen with mtime 1724746733.3855312
File /usr/lib/python3.12/ast.py first seen with mtime 1722447828.0
File /usr/lib/python3.12/asyncio/staggered.py first seen with mtime 1722447828.0
File /home/muthoni/Desktop/present/Project/Janja program/Django codes/LearnDjango2/TodoApp2/.julie/lib/python3.12/site-packages/django/contrib/sessions/__init__.py first seen with mtime 1724746733.254563
File /home/muthoni/Desktop/present/Project/Janja program/Django codes/LearnDjango2/TodoApp2/.julie/lib/python3.12/site-packages/django/core/checks/translation.py first seen with mtime 1724746733.3805325
File /usr/lib/python3.12/email/utils.py first seen with mtime 1722447828.0
File /usr/lib/python3.12/email/quoprimime.py first seen with mtime 1722447828.0
File /home/muthoni/Desktop/present/Project/Janja program/Django codes/LearnDjango2/TodoApp2/.julie/lib/python3.12/site-packages/django/template/engine.py first seen with mtime 1724746733.5384939
File /home/muthoni/Desktop/present/Project/Janja program/Django codes/LearnDjango2/TodoApp2/.julie/lib/python3.12/site-packages/django/contrib/sessions/backends/__init__.py first seen with mtime 1724746733.2565627
File /usr/lib/python3.12/email/mime/text.py first seen with mtime 1722447828.0
File /usr/lib/python3.12/re/_compiler.py first seen with mtime 1722447828.0
File /home/muthoni/Desktop/present/Project/Janja program/Django codes/LearnDjango2/TodoApp2/.julie/lib/python3.12/site-packages/asgiref/local.py first seen with mtime 1722886736.535681
File /etc/python3.12/sitecustomize.py first seen with mtime 1712727227.0
File /home/muthoni/Desktop/present/Project/Janja program/Django codes/LearnDjango2/TodoApp2/.julie/lib/python3.12/site-packages/debug_toolbar/panels/profiling.py first seen with mtime 1724927981.4788623
File /home/muthoni/Desktop/present/Project/Janja program/Django codes/LearnDjango2/TodoApp2/.julie/lib/python3.12/site-packages/django/utils/inspect.py first seen with mtime 1724746733.55449
File /home/muthoni/Desktop/present/Project/Janja program/Django codes/LearnDjango2/TodoApp2/.julie/lib/python3.12/site-packages/django/core/servers/__init__.py first seen with mtime 1724746733.4085257
File /home/muthoni/Desktop/present/Project/Janja program/Django codes/LearnDjango2/TodoApp2/.julie/lib/python3.12/site-packages/sqlparse/filters/output.py first seen with mtime 1722886736.483681
File /home/muthoni/Desktop/present/Project/Janja program/Django codes/LearnDjango2/TodoApp2/.julie/lib/python3.12/site-packages/django/contrib/sessions/backends/base.py first seen with mtime 1724746733.2565627
File /usr/lib/python3.12/sqlite3/dbapi2.py first seen with mtime 1722447828.0
File /usr/lib/python3.12/argparse.py first seen with mtime 1722447828.0
File /usr/lib/python3.12/glob.py first seen with mtime 1722447828.0
File /home/muthoni/Desktop/present/Project/Janja program/Django codes/LearnDjango2/TodoApp2/todo_project/todo_app/models.py first seen with mtime 1724672737.1440122
File /home/muthoni/Desktop/present/Project/Janja program/Django codes/LearnDjango2/TodoApp2/.julie/lib/python3.12/site-packages/django/core/files/storage/base.py first seen with mtime 1724746733.3885305
File /home/muthoni/Desktop/present/Project/Janja program/Django codes/LearnDjango2/TodoApp2/.julie/lib/python3.12/site-packages/debug_toolbar/_stubs.py first seen with mtime 1724927981.4568624
File /home/muthoni/Desktop/present/Project/Janja program/Django codes/LearnDjango2/TodoApp2/.julie/lib/python3.12/site-packages/debug_toolbar/forms.py first seen with mtime 1724927981.4578624
File /usr/lib/python3.12/unittest/__init__.py first seen with mtime 1722447828.0
File /home/muthoni/Desktop/present/Project/Janja program/Django codes/LearnDjango2/TodoApp2/.julie/lib/python3.12/site-packages/django/contrib/staticfiles/finders.py first seen with mtime 1724746733.3675356
File /home/muthoni/Desktop/present/Project/Janja program/Django codes/LearnDjango2/TodoApp2/.julie/lib/python3.12/site-packages/django/views/generic/list.py first seen with mtime 1724746733.5654874
File /home/muthoni/Desktop/present/Project/Janja program/Django codes/LearnDjango2/TodoApp2/.julie/lib/python3.12/site-packages/django/core/files/uploadedfile.py first seen with mtime 1724746733.3875308
File /usr/lib/python3.12/hashlib.py first seen with mtime 1722447828.0
File /usr/lib/python3.12/signal.py first seen with mtime 1722447828.0
File /home/muthoni/Desktop/present/Project/Janja program/Django codes/LearnDjango2/TodoApp2/.julie/lib/python3.12/site-packages/django/urls/resolvers.py first seen with mtime 1724746733.5464919
File /home/muthoni/Desktop/present/Project/Janja program/Django codes/LearnDjango2/TodoApp2/.julie/lib/python3.12/site-packages/django/contrib/admin/templatetags/log.py first seen with mtime 1724746732.8196704
File /home/muthoni/Desktop/present/Project/Janja program/Django codes/LearnDjango2/TodoApp2/.julie/lib/python3.12/site-packages/django/views/decorators/csrf.py first seen with mtime 1724746733.562488
File /home/muthoni/Desktop/present/Project/Janja program/Django codes/LearnDjango2/TodoApp2/.julie/lib/python3.12/site-packages/django/core/cache/backends/filebased.py first seen with mtime 1724746733.3765335
File /usr/lib/python3.12/re/_constants.py first seen with mtime 1722447828.0
File /home/muthoni/Desktop/present/Project/Janja program/Django codes/LearnDjango2/TodoApp2/.julie/lib/python3.12/site-packages/django/apps/__init__.py first seen with mtime 1724746732.605724
File /usr/lib/python3.12/lib-dynload/_asyncio.cpython-312-x86_64-linux-gnu.so first seen with mtime 1722447828.0
File /home/muthoni/Desktop/present/Project/Janja program/Django codes/LearnDjango2/TodoApp2/.julie/lib/python3.12/site-packages/django/utils/html.py first seen with mtime 1724746733.55449
File /usr/lib/python3.12/email/mime/nonmultipart.py first seen with mtime 1722447828.0
File /home/muthoni/Desktop/present/Project/Janja program/Django codes/LearnDjango2/TodoApp2/.julie/lib/python3.12/site-packages/django/forms/utils.py first seen with mtime 1724746733.4985037
File /usr/lib/python3.12/encodings/__init__.py first seen with mtime 1722447828.0
File /home/muthoni/Desktop/present/Project/Janja program/Django codes/LearnDjango2/TodoApp2/.julie/lib/python3.12/site-packages/django/template/exceptions.py first seen with mtime 1724746733.5384939
File /home/muthoni/Desktop/present/Project/Janja program/Django codes/LearnDjango2/TodoApp2/.julie/lib/python3.12/site-packages/sqlparse/tokens.py first seen with mtime 1722886736.4816809
File /usr/lib/python3.12/zipfile/_path/glob.py first seen with mtime 1722447828.0
File /usr/lib/python3.12/zoneinfo/__init__.py first seen with mtime 1722447828.0
File /usr/lib/python3.12/asyncio/base_futures.py first seen with mtime 1722447828.0
File /usr/lib/python3.12/multiprocessing/process.py first seen with mtime 1722447828.0
File /home/muthoni/Desktop/present/Project/Janja program/Django codes/LearnDjango2/TodoApp2/.julie/lib/python3.12/site-packages/django/core/signing.py first seen with mtime 1724746733.3735342
File /home/muthoni/Desktop/present/Project/Janja program/Django codes/LearnDjango2/TodoApp2/.julie/lib/python3.12/site-packages/sqlparse/sql.py first seen with mtime 1722886736.4816809
File /home/muthoni/Desktop/present/Project/Janja program/Django codes/LearnDjango2/TodoApp2/.julie/lib/python3.12/site-packages/django/db/backends/ddl_references.py first seen with mtime 1724746733.4095254
File /home/muthoni/Desktop/present/Project/Janja program/Django codes/LearnDjango2/TodoApp2/.julie/lib/python3.12/site-packages/django/contrib/messages/apps.py first seen with mtime 1724746733.1535878
File /home/muthoni/Desktop/present/Project/Janja program/Django codes/LearnDjango2/TodoApp2/.julie/lib/python3.12/site-packages/django/http/response.py first seen with mtime 1724746733.5314956
File /usr/lib/python3.12/copyreg.py first seen with mtime 1722447828.0
File /home/muthoni/Desktop/present/Project/Janja program/Django codes/LearnDjango2/TodoApp2/.julie/lib/python3.12/site-packages/django/core/cache/backends/base.py first seen with mtime 1724746733.3755336
File /home/muthoni/Desktop/present/Project/Janja program/Django codes/LearnDjango2/TodoApp2/.julie/lib/python3.12/site-packages/django/core/checks/security/csrf.py first seen with mtime 1724746733.3835318
File /home/muthoni/Desktop/present/Project/Janja program/Django codes/LearnDjango2/TodoApp2/.julie/lib/python3.12/site-packages/django/utils/__init__.py first seen with mtime 1724746733.5464919
File /home/muthoni/Desktop/present/Project/Janja program/Django codes/LearnDjango2/TodoApp2/.julie/lib/python3.12/site-packages/django/db/__init__.py first seen with mtime 1724746733.4085257
File /usr/lib/python3.12/wsgiref/simple_server.py first seen with mtime 1722447828.0
File /home/muthoni/Desktop/present/Project/Janja program/Django codes/LearnDjango2/TodoApp2/.julie/lib/python3.12/site-packages/django/db/models/lookups.py first seen with mtime 1724746733.4645119
File /usr/lib/python3.12/email/charset.py first seen with mtime 1722447828.0
File /home/muthoni/Desktop/present/Project/Janja program/Django codes/LearnDjango2/TodoApp2/.julie/lib/python3.12/site-packages/sqlparse/filters/others.py first seen with mtime 1722886736.483681
File /home/muthoni/Desktop/present/Project/Janja program/Django codes/LearnDjango2/TodoApp2/.julie/lib/python3.12/site-packages/django/core/serializers/base.py first seen with mtime 1724746733.406526
File /home/muthoni/Desktop/present/Project/Janja program/Django codes/LearnDjango2/TodoApp2/.julie/lib/python3.12/site-packages/bootstrap5/models.py first seen with mtime 1724746735.369059
File /home/muthoni/Desktop/present/Project/Janja program/Django codes/LearnDjango2/TodoApp2/todo_project/todo_app/admin.py first seen with mtime 1724666621.18927
File /usr/lib/python3.12/asyncio/protocols.py first seen with mtime 1722447828.0
File /home/muthoni/Desktop/present/Project/Janja program/Django codes/LearnDjango2/TodoApp2/.julie/lib/python3.12/site-packages/django/db/models/sql/where.py first seen with mtime 1724746733.493505
File /usr/lib/python3.12/importlib/resources/_common.py first seen with mtime 1722447828.0
File /home/muthoni/Desktop/present/Project/Janja program/Django codes/LearnDjango2/TodoApp2/.julie/lib/python3.12/site-packages/django/db/migrations/exceptions.py first seen with mtime 1724746733.4345193
File /home/muthoni/Desktop/present/Project/Janja program/Django codes/LearnDjango2/TodoApp2/.julie/lib/python3.12/site-packages/django/core/checks/caches.py first seen with mtime 1724746733.378533
File /home/muthoni/Desktop/present/Project/Janja program/Django codes/LearnDjango2/TodoApp2/.julie/lib/python3.12/site-packages/debug_toolbar/__init__.py first seen with mtime 1724927981.4568624
File /home/muthoni/Desktop/present/Project/Janja program/Django codes/LearnDjango2/TodoApp2/.julie/lib/python3.12/site-packages/django/contrib/staticfiles/checks.py first seen with mtime 1724746733.3675356
File /home/muthoni/Desktop/present/Project/Janja program/Django codes/LearnDjango2/TodoApp2/.julie/lib/python3.12/site-packages/django/views/i18n.py first seen with mtime 1724746733.5614884
File /usr/lib/python3.12/lib-dynload/_lzma.cpython-312-x86_64-linux-gnu.so first seen with mtime 1722447828.0
File /home/muthoni/Desktop/present/Project/Janja program/Django codes/LearnDjango2/TodoApp2/.julie/lib/python3.12/site-packages/django/templatetags/tz.py first seen with mtime 1724746733.5424929
File /usr/lib/python3.12/socketserver.py first seen with mtime 1722447828.0
File /usr/lib/python3.12/lib-dynload/_zoneinfo.cpython-312-x86_64-linux-gnu.so first seen with mtime 1722447828.0
File /home/muthoni/Desktop/present/Project/Janja program/Django codes/LearnDjango2/TodoApp2/.julie/lib/python3.12/site-packages/django/core/handlers/__init__.py first seen with mtime 1724746733.3915298
File /home/muthoni/Desktop/present/Project/Janja program/Django codes/LearnDjango2/TodoApp2/.julie/lib/python3.12/site-packages/django/db/backends/base/__init__.py first seen with mtime 1724746733.410525
File /home/muthoni/Desktop/present/Project/Janja program/Django codes/LearnDjango2/TodoApp2/.julie/lib/python3.12/site-packages/django/forms/renderers.py first seen with mtime 1724746733.497504
File /home/muthoni/Desktop/present/Project/Janja program/Django codes/LearnDjango2/TodoApp2/.julie/lib/python3.12/site-packages/django/core/serializers/__init__.py first seen with mtime 1724746733.4055264
File /usr/lib/python3.12/importlib/metadata/_collections.py first seen with mtime 1722447828.0
File /home/muthoni/Desktop/present/Project/Janja program/Django codes/LearnDjango2/TodoApp2/.julie/lib/python3.12/site-packages/django/db/models/fields/reverse_related.py first seen with mtime 1724746733.4775088
File /home/muthoni/Desktop/present/Project/Janja program/Django codes/LearnDjango2/TodoApp2/.julie/lib/python3.12/site-packages/django/views/generic/base.py first seen with mtime 1724746733.5644875
File /home/muthoni/Desktop/present/Project/Janja program/Django codes/LearnDjango2/TodoApp2/.julie/lib/python3.12/site-packages/django/test/__init__.py first seen with mtime 1724746733.5424929
File /home/muthoni/Desktop/present/Project/Janja program/Django codes/LearnDjango2/TodoApp2/.julie/lib/python3.12/site-packages/debug_toolbar/panels/versions.py first seen with mtime 1724927981.4808624
File /home/muthoni/Desktop/present/Project/Janja program/Django codes/LearnDjango2/TodoApp2/todo_project/manage.py first seen with mtime 1723140138.9284065
File /usr/lib/python3.12/unittest/signals.py first seen with mtime 1722447828.0
File /usr/lib/python3.12/asyncio/coroutines.py first seen with mtime 1722447828.0
File /usr/lib/python3.12/subprocess.py first seen with mtime 1722447828.0
File /home/muthoni/Desktop/present/Project/Janja program/Django codes/LearnDjango2/TodoApp2/.julie/lib/python3.12/site-packages/django/contrib/messages/__init__.py first seen with mtime 1724746733.1525881
File /home/muthoni/Desktop/present/Project/Janja program/Django codes/LearnDjango2/TodoApp2/.julie/lib/python3.12/site-packages/django/template/loader.py first seen with mtime 1724746733.5384939
File /usr/lib/python3.12/urllib/__init__.py first seen with mtime 1722447828.0
File /usr/lib/python3.12/copy.py first seen with mtime 1722447828.0
File /home/muthoni/Desktop/present/Project/Janja program/Django codes/LearnDjango2/TodoApp2/.julie/lib/python3.12/site-packages/django/contrib/messages/utils.py first seen with mtime 1724746733.1545875
File /usr/lib/python3.12/sysconfig.py first seen with mtime 1722447828.0
File /usr/lib/python3.12/zipfile/_path/__init__.py first seen with mtime 1722447828.0
File /home/muthoni/Desktop/present/Project/Janja program/Django codes/LearnDjango2/TodoApp2/.julie/lib/python3.12/site-packages/django/utils/deconstruct.py first seen with mtime 1724746733.5514908
File /usr/lib/python3.12/quopri.py first seen with mtime 1722447828.0
File /home/muthoni/Desktop/present/Project/Janja program/Django codes/LearnDjango2/TodoApp2/.julie/lib/python3.12/site-packages/django/contrib/admin/views/__init__.py first seen with mtime 1724746732.8206701
File /home/muthoni/Desktop/present/Project/Janja program/Django codes/LearnDjango2/TodoApp2/.julie/lib/python3.12/site-packages/django/contrib/auth/backends.py first seen with mtime 1724746732.8746567
File /home/muthoni/Desktop/present/Project/Janja program/Django codes/LearnDjango2/TodoApp2/.julie/lib/python3.12/site-packages/django/contrib/messages/storage/base.py first seen with mtime 1724746733.1545875
File /home/muthoni/Desktop/present/Project/Janja program/Django codes/LearnDjango2/TodoApp2/todo_project/todo_project/urls.py first seen with mtime 1724928451.517879
File /home/muthoni/Desktop/present/Project/Janja program/Django codes/LearnDjango2/TodoApp2/.julie/lib/python3.12/site-packages/django/contrib/admin/templatetags/admin_urls.py first seen with mtime 1724746732.8196704
File /home/muthoni/Desktop/present/Project/Janja program/Django codes/LearnDjango2/TodoApp2/.julie/lib/python3.12/site-packages/django/contrib/auth/base_user.py first seen with mtime 1724746732.8746567
File /home/muthoni/Desktop/present/Project/Janja program/Django codes/LearnDjango2/TodoApp2/todo_project/todo_app/forms.py first seen with mtime 1724744360.6428802
File /usr/lib/python3.12/opcode.py first seen with mtime 1722447828.0
File /home/muthoni/Desktop/present/Project/Janja program/Django codes/LearnDjango2/TodoApp2/.julie/lib/python3.12/site-packages/django/core/checks/files.py first seen with mtime 1724746733.378533
File /usr/lib/python3.12/importlib/metadata/_meta.py first seen with mtime 1722447828.0
File /usr/lib/python3.12/email/_header_value_parser.py first seen with mtime 1722447828.0
File /usr/lib/python3.12/colorsys.py first seen with mtime 1722447828.0
File /home/muthoni/Desktop/present/Project/Janja program/Django codes/LearnDjango2/TodoApp2/todo_project/accounts/urls.py first seen with mtime 1724927332.3608391
File /home/muthoni/Desktop/present/Project/Janja program/Django codes/LearnDjango2/TodoApp2/.julie/lib/python3.12/site-packages/django/utils/crypto.py first seen with mtime 1724746733.5494912
File /home/muthoni/Desktop/present/Project/Janja program/Django codes/LearnDjango2/TodoApp2/.julie/lib/python3.12/site-packages/django/utils/encoding.py first seen with mtime 1724746733.5524905
File /home/muthoni/Desktop/present/Project/Janja program/Django codes/LearnDjango2/TodoApp2/.julie/lib/python3.12/site-packages/asgiref/current_thread_executor.py first seen with mtime 1722886736.535681
File /usr/lib/python3.12/multiprocessing/__init__.py first seen with mtime 1722447828.0
File /home/muthoni/Desktop/present/Project/Janja program/Django codes/LearnDjango2/TodoApp2/.julie/lib/python3.12/site-packages/django/db/backends/base/schema.py first seen with mtime 1724746733.4135244
File /home/muthoni/Desktop/present/Project/Janja program/Django codes/LearnDjango2/TodoApp2/.julie/lib/python3.12/site-packages/django/db/backends/utils.py first seen with mtime 1724746733.410525
File /usr/lib/python3.12/email/_parseaddr.py first seen with mtime 1722447828.0
File /home/muthoni/Desktop/present/Project/Janja program/Django codes/LearnDjango2/TodoApp2/.julie/lib/python3.12/site-packages/django/db/migrations/operations/__init__.py first seen with mtime 1724746733.4475162
File /usr/lib/python3.12/locale.py first seen with mtime 1722447828.0
File /usr/lib/python3.12/email/_policybase.py first seen with mtime 1722447828.0
File /home/muthoni/Desktop/present/Project/Janja program/Django codes/LearnDjango2/TodoApp2/.julie/lib/python3.12/site-packages/django/views/decorators/__init__.py first seen with mtime 1724746733.5614884
File /home/muthoni/Desktop/present/Project/Janja program/Django codes/LearnDjango2/TodoApp2/.julie/lib/python3.12/site-packages/debug_toolbar/views.py first seen with mtime 1724927981.4588623
File /home/muthoni/Desktop/present/Project/Janja program/Django codes/LearnDjango2/TodoApp2/.julie/lib/python3.12/site-packages/sqlparse/utils.py first seen with mtime 1722886736.4816809
File /usr/lib/python3.12/inspect.py first seen with mtime 1722447828.0
File /home/muthoni/Desktop/present/Project/Janja program/Django codes/LearnDjango2/TodoApp2/.julie/lib/python3.12/site-packages/django/db/backends/base/creation.py first seen with mtime 1724746733.4115248
File /home/muthoni/Desktop/present/Project/Janja program/Django codes/LearnDjango2/TodoApp2/.julie/lib/python3.12/site-packages/django/db/migrations/executor.py first seen with mtime 1724746733.4345193
File /home/muthoni/Desktop/present/Project/Janja program/Django codes/LearnDjango2/TodoApp2/.julie/lib/python3.12/site-packages/bootstrap5/bootstrap.py first seen with mtime 1724746735.369059
File /usr/lib/python3.12/asyncio/constants.py first seen with mtime 1722447828.0
File /home/muthoni/Desktop/present/Project/Janja program/Django codes/LearnDjango2/TodoApp2/.julie/lib/python3.12/site-packages/django/utils/_os.py first seen with mtime 1724746733.5474918
File /home/muthoni/Desktop/present/Project/Janja program/Django codes/LearnDjango2/TodoApp2/.julie/lib/python3.12/site-packages/django/template/smartif.py first seen with mtime 1724746733.5394936
File /home/muthoni/Desktop/present/Project/Janja program/Django codes/LearnDjango2/TodoApp2/.julie/lib/python3.12/site-packages/django/contrib/sessions/base_session.py first seen with mtime 1724746733.254563
File /home/muthoni/Desktop/present/Project/Janja program/Django codes/LearnDjango2/TodoApp2/.julie/lib/python3.12/site-packages/django/core/files/locks.py first seen with mtime 1724746733.3845315
File /home/muthoni/Desktop/present/Project/Janja program/Django codes/LearnDjango2/TodoApp2/.julie/lib/python3.12/site-packages/django/utils/deprecation.py first seen with mtime 1724746733.5514908
File /home/muthoni/Desktop/present/Project/Janja program/Django codes/LearnDjango2/TodoApp2/.julie/lib/python3.12/site-packages/django/forms/widgets.py first seen with mtime 1724746733.4985037
File /home/muthoni/Desktop/present/Project/Janja program/Django codes/LearnDjango2/TodoApp2/.julie/lib/python3.12/site-packages/django/middleware/__init__.py first seen with mtime 1724746733.5314956
File /home/muthoni/Desktop/present/Project/Janja program/Django codes/LearnDjango2/TodoApp2/.julie/lib/python3.12/site-packages/django/urls/base.py first seen with mtime 1724746733.5454922
File /home/muthoni/Desktop/present/Project/Janja program/Django codes/LearnDjango2/TodoApp2/.julie/lib/python3.12/site-packages/django/core/files/images.py first seen with mtime 1724746733.3845315
File /usr/lib/python3.12/asyncio/tasks.py first seen with mtime 1722447828.0
File /home/muthoni/Desktop/present/Project/Janja program/Django codes/LearnDjango2/TodoApp2/.julie/lib/python3.12/site-packages/django/core/files/base.py first seen with mtime 1724746733.3845315
File /home/muthoni/Desktop/present/Project/Janja program/Django codes/LearnDjango2/TodoApp2/.julie/lib/python3.12/site-packages/django/core/checks/messages.py first seen with mtime 1724746733.378533
File /home/muthoni/Desktop/present/Project/Janja program/Django codes/LearnDjango2/TodoApp2/.julie/lib/python3.12/site-packages/django/db/models/fields/__init__.py first seen with mtime 1724746733.4715102
File /home/muthoni/Desktop/present/Project/Janja program/Django codes/LearnDjango2/TodoApp2/.julie/lib/python3.12/site-packages/django/contrib/auth/hashers.py first seen with mtime 1724746732.876656
File /home/muthoni/Desktop/present/Project/Janja program/Django codes/LearnDjango2/TodoApp2/.julie/lib/python3.12/site-packages/debug_toolbar/panels/templates/panel.py first seen with mtime 1724927981.4838624
File /home/muthoni/Desktop/present/Project/Janja program/Django codes/LearnDjango2/TodoApp2/.julie/lib/python3.12/site-packages/django/db/backends/sqlite3/base.py first seen with mtime 1724746733.427521
File /home/muthoni/Desktop/present/Project/Janja program/Django codes/LearnDjango2/TodoApp2/.julie/lib/python3.12/site-packages/debug_toolbar/panels/history/views.py first seen with mtime 1724927981.4808624
File /home/muthoni/Desktop/present/Project/Janja program/Django codes/LearnDjango2/TodoApp2/.julie/lib/python3.12/site-packages/django/views/generic/__init__.py first seen with mtime 1724746733.5644875
File /usr/lib/python3.12/asyncio/unix_events.py first seen with mtime 1722447828.0
File /home/muthoni/Desktop/present/Project/Janja program/Django codes/LearnDjango2/TodoApp2/.julie/lib/python3.12/site-packages/django/template/loader_tags.py first seen with mtime 1724746733.5384939
File /home/muthoni/Desktop/present/Project/Janja program/Django codes/LearnDjango2/TodoApp2/.julie/lib/python3.12/site-packages/django/utils/connection.py first seen with mtime 1724746733.5494912
File /home/muthoni/Desktop/present/Project/Janja program/Django codes/LearnDjango2/TodoApp2/.julie/lib/python3.12/site-packages/django/core/cache/utils.py first seen with mtime 1724746733.3755336
File /home/muthoni/Desktop/present/Project/Janja program/Django codes/LearnDjango2/TodoApp2/.julie/lib/python3.12/site-packages/django/utils/functional.py first seen with mtime 1724746733.5534902
File /home/muthoni/Desktop/present/Project/Janja program/Django codes/LearnDjango2/TodoApp2/.julie/lib/python3.12/site-packages/django/contrib/auth/signals.py first seen with mtime 1724746732.8786557
File /usr/lib/python3.12/concurrent/__init__.py first seen with mtime 1722447828.0
File /home/muthoni/Desktop/present/Project/Janja program/Django codes/LearnDjango2/TodoApp2/.julie/lib/python3.12/site-packages/django/core/paginator.py first seen with mtime 1724746733.3735342
File /home/muthoni/Desktop/present/Project/Janja program/Django codes/LearnDjango2/TodoApp2/.julie/lib/python3.12/site-packages/django/urls/converters.py first seen with mtime 1724746733.5454922
File /usr/lib/python3.12/importlib/metadata/__init__.py first seen with mtime 1722447828.0
File /home/muthoni/Desktop/present/Project/Janja program/Django codes/LearnDjango2/TodoApp2/.julie/lib/python3.12/site-packages/django/core/files/storage/memory.py first seen with mtime 1724746733.3915298
File /usr/lib/python3.12/tokenize.py first seen with mtime 1722447828.0
File /usr/lib/python3.12/urllib/error.py first seen with mtime 1722447828.0
File /home/muthoni/Desktop/present/Project/Janja program/Django codes/LearnDjango2/TodoApp2/.julie/lib/python3.12/site-packages/django/db/utils.py first seen with mtime 1724746733.4095254
File /home/muthoni/Desktop/present/Project/Janja program/Django codes/LearnDjango2/TodoApp2/.julie/lib/python3.12/site-packages/django/templatetags/static.py first seen with mtime 1724746733.5424929
File /home/muthoni/Desktop/present/Project/Janja program/Django codes/LearnDjango2/TodoApp2/.julie/lib/python3.12/site-packages/django/views/generic/detail.py first seen with mtime 1724746733.5654874
File /home/muthoni/Desktop/present/Project/Janja program/Django codes/LearnDjango2/TodoApp2/todo_project/todo_app/apps.py first seen with mtime 1724328835.8120944
File /usr/lib/python3.12/lib-dynload/_queue.cpython-312-x86_64-linux-gnu.so first seen with mtime 1722447828.0
File /home/muthoni/Desktop/present/Project/Janja program/Django codes/LearnDjango2/TodoApp2/.julie/lib/python3.12/site-packages/django/template/loaders/app_directories.py first seen with mtime 1724746733.5404935
File /usr/lib/python3.12/json/__init__.py first seen with mtime 1722447828.0
File /home/muthoni/Desktop/present/Project/Janja program/Django codes/LearnDjango2/TodoApp2/.julie/lib/python3.12/site-packages/django/test/signals.py first seen with mtime 1724746733.5444925
File /usr/lib/python3.12/importlib/metadata/_text.py first seen with mtime 1722447828.0
File /home/muthoni/Desktop/present/Project/Janja program/Django codes/LearnDjango2/TodoApp2/.julie/lib/python3.12/site-packages/bootstrap5/utils.py first seen with mtime 1724746735.3710585
File /usr/lib/python3.12/profile.py first seen with mtime 1722447828.0
File /usr/lib/python3.12/asyncio/subprocess.py first seen with mtime 1722447828.0
File /usr/lib/python3.12/datetime.py first seen with mtime 1722447828.0
File /home/muthoni/Desktop/present/Project/Janja program/Django codes/LearnDjango2/TodoApp2/.julie/lib/python3.12/site-packages/django/contrib/staticfiles/utils.py first seen with mtime 1724746733.3695352
File /home/muthoni/Desktop/present/Project/Janja program/Django codes/LearnDjango2/TodoApp2/.julie/lib/python3.12/site-packages/django/middleware/csrf.py first seen with mtime 1724746733.5334952
File /home/muthoni/Desktop/present/Project/Janja program/Django codes/LearnDjango2/TodoApp2/.julie/lib/python3.12/site-packages/django/utils/formats.py first seen with mtime 1724746733.5534902
File /home/muthoni/Desktop/present/Project/Janja program/Django codes/LearnDjango2/TodoApp2/.julie/lib/python3.12/site-packages/django/core/servers/basehttp.py first seen with mtime 1724746733.4085257
File /home/muthoni/Desktop/present/Project/Janja program/Django codes/LearnDjango2/TodoApp2/.julie/lib/python3.12/site-packages/django/core/checks/database.py first seen with mtime 1724746733.378533
File /home/muthoni/Desktop/present/Project/Janja program/Django codes/LearnDjango2/TodoApp2/.julie/lib/python3.12/site-packages/django/contrib/admin/options.py first seen with mtime 1724746732.7076986
File /home/muthoni/Desktop/present/Project/Janja program/Django codes/LearnDjango2/TodoApp2/.julie/lib/python3.12/site-packages/django/db/models/signals.py first seen with mtime 1724746733.4705105
File /usr/lib/python3.12/numbers.py first seen with mtime 1722447828.0
File /usr/lib/python3.12/weakref.py first seen with mtime 1722447828.0
File /home/muthoni/Desktop/present/Project/Janja program/Django codes/LearnDjango2/TodoApp2/.julie/lib/python3.12/site-packages/django/contrib/sites/__init__.py first seen with mtime 1724746733.3105495
File /usr/lib/python3.12/threading.py first seen with mtime 1722447828.0
File /home/muthoni/Desktop/present/Project/Janja program/Django codes/LearnDjango2/TodoApp2/.julie/lib/python3.12/site-packages/django/db/backends/base/operations.py first seen with mtime 1724746733.4125247
File /usr/lib/python3.12/xml/__init__.py first seen with mtime 1722447828.0
File /home/muthoni/Desktop/present/Project/Janja program/Django codes/LearnDjango2/TodoApp2/.julie/lib/python3.12/site-packages/django/db/models/functions/comparison.py first seen with mtime 1724746733.4785085
File /usr/lib/python3.12/asyncio/base_subprocess.py first seen with mtime 1722447828.0
File /home/muthoni/Desktop/present/Project/Janja program/Django codes/LearnDjango2/TodoApp2/.julie/lib/python3.12/site-packages/debug_toolbar/middleware.py first seen with mtime 1724927981.4578624
File /home/muthoni/Desktop/present/Project/Janja program/Django codes/LearnDjango2/TodoApp2/.julie/lib/python3.12/site-packages/debug_toolbar/panels/timer.py first seen with mtime 1724927981.4798625
File /usr/lib/python3.12/wsgiref/headers.py first seen with mtime 1722447828.0
File /home/muthoni/Desktop/present/Project/Janja program/Django codes/LearnDjango2/TodoApp2/.julie/lib/python3.12/site-packages/django/contrib/sites/shortcuts.py first seen with mtime 1724746733.312549
File /usr/lib/python3.12/difflib.py first seen with mtime 1722447828.0
File /usr/lib/python3.12/socket.py first seen with mtime 1722447828.0
File /home/muthoni/Desktop/present/Project/Janja program/Django codes/LearnDjango2/TodoApp2/todo_project/accounts/apps.py first seen with mtime 1724924252.9467297
File /home/muthoni/Desktop/present/Project/Janja program/Django codes/LearnDjango2/TodoApp2/.julie/lib/python3.12/site-packages/django/db/models/functions/datetime.py first seen with mtime 1724746733.4785085
File /usr/lib/python3.12/struct.py first seen with mtime 1722447828.0
File /usr/lib/python3.12/asyncio/sslproto.py first seen with mtime 1722447828.0
File /home/muthoni/Desktop/present/Project/Janja program/Django codes/LearnDjango2/TodoApp2/.julie/lib/python3.12/site-packages/django/utils/datastructures.py first seen with mtime 1724746733.5494912
File /home/muthoni/Desktop/present/Project/Janja program/Django codes/LearnDjango2/TodoApp2/.julie/lib/python3.12/site-packages/django/core/checks/__init__.py first seen with mtime 1724746733.3775332
File /home/muthoni/Desktop/present/Project/Janja program/Django codes/LearnDjango2/TodoApp2/.julie/lib/python3.12/site-packages/sqlparse/filters/reindent.py first seen with mtime 1722886736.484681
File /usr/lib/python3.12/lib-dynload/_ssl.cpython-312-x86_64-linux-gnu.so first seen with mtime 1722447828.0
File /home/muthoni/Desktop/present/Project/Janja program/Django codes/LearnDjango2/TodoApp2/.julie/lib/python3.12/site-packages/django/template/library.py first seen with mtime 1724746733.5384939
File /home/muthoni/Desktop/present/Project/Janja program/Django codes/LearnDjango2/TodoApp2/.julie/lib/python3.12/site-packages/django/core/validators.py first seen with mtime 1724746733.374534
File /home/muthoni/Desktop/present/Project/Janja program/Django codes/LearnDjango2/TodoApp2/.julie/lib/python3.12/site-packages/django/db/backends/sqlite3/__init__.py first seen with mtime 1724746733.423522
File /home/muthoni/Desktop/present/Project/Janja program/Django codes/LearnDjango2/TodoApp2/.julie/lib/python3.12/site-packages/django/http/multipartparser.py first seen with mtime 1724746733.530496
File /usr/lib/python3.12/asyncio/format_helpers.py first seen with mtime 1722447828.0
File /home/muthoni/Desktop/present/Project/Janja program/Django codes/LearnDjango2/TodoApp2/.julie/lib/python3.12/site-packages/django/conf/urls/__init__.py first seen with mtime 1724746732.7046993
File /home/muthoni/Desktop/present/Project/Janja program/Django codes/LearnDjango2/TodoApp2/.julie/lib/python3.12/site-packages/django/urls/__init__.py first seen with mtime 1724746733.5454922
File /home/muthoni/Desktop/present/Project/Janja program/Django codes/LearnDjango2/TodoApp2/.julie/lib/python3.12/site-packages/django/core/files/storage/filesystem.py first seen with mtime 1724746733.3885305
File /home/muthoni/Desktop/present/Project/Janja program/Django codes/LearnDjango2/TodoApp2/.julie/lib/python3.12/site-packages/django/core/files/move.py first seen with mtime 1724746733.3845315
File /usr/lib/python3.12/email/headerregistry.py first seen with mtime 1722447828.0
File /usr/lib/python3.12/csv.py first seen with mtime 1722447828.0
File /home/muthoni/Desktop/present/Project/Janja program/Django codes/LearnDjango2/TodoApp2/.julie/lib/python3.12/site-packages/django/core/serializers/json.py first seen with mtime 1724746733.406526
File /home/muthoni/Desktop/present/Project/Janja program/Django codes/LearnDjango2/TodoApp2/.julie/lib/python3.12/site-packages/bootstrap5/exceptions.py first seen with mtime 1724746735.369059
File /usr/lib/python3.12/unittest/case.py first seen with mtime 1722447828.0
File /home/muthoni/Desktop/present/Project/Janja program/Django codes/LearnDjango2/TodoApp2/.julie/lib/python3.12/site-packages/django/__init__.py first seen with mtime 1724746732.6047242
File /usr/lib/python3.12/lib-dynload/_contextvars.cpython-312-x86_64-linux-gnu.so first seen with mtime 1722447828.0
File /usr/lib/python3.12/gzip.py first seen with mtime 1722447828.0
File /home/muthoni/Desktop/present/Project/Janja program/Django codes/LearnDjango2/TodoApp2/.julie/lib/python3.12/site-packages/django/utils/cache.py first seen with mtime 1724746733.5484915
File /home/muthoni/Desktop/present/Project/Janja program/Django codes/LearnDjango2/TodoApp2/.julie/lib/python3.12/site-packages/django/http/__init__.py first seen with mtime 1724746733.526497
File /home/muthoni/Desktop/present/Project/Janja program/Django codes/LearnDjango2/TodoApp2/.julie/lib/python3.12/site-packages/django/db/models/utils.py first seen with mtime 1724746733.4705105
File /home/muthoni/Desktop/present/Project/Janja program/Django codes/LearnDjango2/TodoApp2/.julie/lib/python3.12/site-packages/django/views/static.py first seen with mtime 1724746733.5614884
File /home/muthoni/Desktop/present/Project/Janja program/Django codes/LearnDjango2/TodoApp2/.julie/lib/python3.12/site-packages/django/db/models/manager.py first seen with mtime 1724746733.4655118
File /usr/lib/python3.12/_weakrefset.py first seen with mtime 1722447828.0
File /home/muthoni/Desktop/present/Project/Janja program/Django codes/LearnDjango2/TodoApp2/.julie/lib/python3.12/site-packages/django/views/generic/dates.py first seen with mtime 1724746733.5644875
File /usr/lib/python3.12/_compat_pickle.py first seen with mtime 1722447828.0
File /home/muthoni/Desktop/present/Project/Janja program/Django codes/LearnDjango2/TodoApp2/todo_project/todo_app/urls.py first seen with mtime 1724784527.783769
File /home/muthoni/Desktop/present/Project/Janja program/Django codes/LearnDjango2/TodoApp2/.julie/lib/python3.12/site-packages/django/core/files/__init__.py first seen with mtime 1724746733.3835318
File /home/muthoni/Desktop/present/Project/Janja program/Django codes/LearnDjango2/TodoApp2/.julie/lib/python3.12/site-packages/django/db/models/functions/mixins.py first seen with mtime 1724746733.4835074
File /home/muthoni/Desktop/present/Project/Janja program/Django codes/LearnDjango2/TodoApp2/.julie/lib/python3.12/site-packages/django/contrib/admin/templatetags/admin_modify.py first seen with mtime 1724746732.8196704
File /home/muthoni/Desktop/present/Project/Janja program/Django codes/LearnDjango2/TodoApp2/.julie/lib/python3.12/site-packages/django/utils/module_loading.py first seen with mtime 1724746733.5564895
File /home/muthoni/Desktop/present/Project/Janja program/Django codes/LearnDjango2/TodoApp2/.julie/lib/python3.12/site-packages/django/core/management/color.py first seen with mtime 1724746733.3975282
File /usr/lib/python3.12/enum.py first seen with mtime 1722447828.0
File /usr/lib/python3.12/collections/abc.py first seen with mtime 1722447828.0
File /usr/lib/python3.12/html/parser.py first seen with mtime 1722447828.0
File /home/muthoni/Desktop/present/Project/Janja program/Django codes/LearnDjango2/TodoApp2/.julie/lib/python3.12/site-packages/debug_toolbar/panels/templates/__init__.py first seen with mtime 1724927981.4828622
File /home/muthoni/Desktop/present/Project/Janja program/Django codes/LearnDjango2/TodoApp2/.julie/lib/python3.12/site-packages/django/contrib/staticfiles/views.py first seen with mtime 1724746733.3695352
File /home/muthoni/Desktop/present/Project/Janja program/Django codes/LearnDjango2/TodoApp2/.julie/lib/python3.12/site-packages/django/db/migrations/operations/models.py first seen with mtime 1724746733.448516
File /usr/lib/python3.12/encodings/aliases.py first seen with mtime 1722447828.0
File /usr/lib/python3.12/contextvars.py first seen with mtime 1722447828.0
File /usr/lib/python3.12/importlib/_abc.py first seen with mtime 1722447828.0
File /usr/lib/python3.12/ipaddress.py first seen with mtime 1722447828.0
File /home/muthoni/Desktop/present/Project/Janja program/Django codes/LearnDjango2/TodoApp2/.julie/lib/python3.12/site-packages/django/templatetags/__init__.py first seen with mtime 1724746733.5414932
File /home/muthoni/Desktop/present/Project/Janja program/Django codes/LearnDjango2/TodoApp2/.julie/lib/python3.12/site-packages/debug_toolbar/panels/settings.py first seen with mtime 1724927981.4798625
File /home/muthoni/Desktop/present/Project/Janja program/Django codes/LearnDjango2/TodoApp2/.julie/lib/python3.12/site-packages/django/db/backends/base/base.py first seen with mtime 1724746733.4115248
File /usr/lib/python3.12/email/base64mime.py first seen with mtime 1722447828.0
File /usr/lib/python3.12/_compression.py first seen with mtime 1722447828.0
File /home/muthoni/Desktop/present/Project/Janja program/Django codes/LearnDjango2/TodoApp2/.julie/lib/python3.12/site-packages/django/test/testcases.py first seen with mtime 1724746733.5444925
File /usr/lib/python3.12/bisect.py first seen with mtime 1722447828.0
File /usr/lib/python3.12/asyncio/base_events.py first seen with mtime 1722447828.0
File /home/muthoni/Desktop/present/Project/Janja program/Django codes/LearnDjango2/TodoApp2/.julie/lib/python3.12/site-packages/django/db/backends/sqlite3/creation.py first seen with mtime 1724746733.4285207
File /home/muthoni/Desktop/present/Project/Janja program/Django codes/LearnDjango2/TodoApp2/.julie/lib/python3.12/site-packages/django/db/models/sql/constants.py first seen with mtime 1724746733.4915054
File /home/muthoni/Desktop/present/Project/Janja program/Django codes/LearnDjango2/TodoApp2/.julie/lib/python3.12/site-packages/django/core/cache/backends/locmem.py first seen with mtime 1724746733.3765335
File /home/muthoni/Desktop/present/Project/Janja program/Django codes/LearnDjango2/TodoApp2/.julie/lib/python3.12/site-packages/django/utils/autoreload.py first seen with mtime 1724746733.5484915
File /home/muthoni/Desktop/present/Project/Janja program/Django codes/LearnDjango2/TodoApp2/.julie/lib/python3.12/site-packages/django/core/files/storage/__init__.py first seen with mtime 1724746733.3875308
File /usr/lib/python3.12/_sysconfigdata__x86_64-linux-gnu.py first seen with mtime 1722447828.0
File /home/muthoni/Desktop/present/Project/Janja program/Django codes/LearnDjango2/TodoApp2/.julie/lib/python3.12/site-packages/django/contrib/messages/constants.py first seen with mtime 1724746733.1535878
File /usr/lib/python3.12/zipfile/__init__.py first seen with mtime 1722447828.0
File /home/muthoni/Desktop/present/Project/Janja program/Django codes/LearnDjango2/TodoApp2/.julie/lib/python3.12/site-packages/sqlparse/exceptions.py first seen with mtime 1722886736.4796808
File /home/muthoni/Desktop/present/Project/Janja program/Django codes/LearnDjango2/TodoApp2/.julie/lib/python3.12/site-packages/debug_toolbar/panels/sql/tracking.py first seen with mtime 1724927981.4818623
File /home/muthoni/Desktop/present/Project/Janja program/Django codes/LearnDjango2/TodoApp2/.julie/lib/python3.12/site-packages/django/template/backends/django.py first seen with mtime 1724746733.5404935
File /home/muthoni/Desktop/present/Project/Janja program/Django codes/LearnDjango2/TodoApp2/.julie/lib/python3.12/site-packages/django/utils/http.py first seen with mtime 1724746733.55449
File /home/muthoni/Desktop/present/Project/Janja program/Django codes/LearnDjango2/TodoApp2/.julie/lib/python3.12/site-packages/django/contrib/contenttypes/admin.py first seen with mtime 1724746732.937641
File /home/muthoni/Desktop/present/Project/Janja program/Django codes/LearnDjango2/TodoApp2/.julie/lib/python3.12/site-packages/django/template/response.py first seen with mtime 1724746733.5394936
File /home/muthoni/Desktop/present/Project/Janja program/Django codes/LearnDjango2/TodoApp2/todo_project/accounts/__init__.py first seen with mtime 1724924252.9467297
File /home/muthoni/Desktop/present/Project/Janja program/Django codes/LearnDjango2/TodoApp2/.julie/lib/python3.12/site-packages/django/db/migrations/loader.py first seen with mtime 1724746733.4385183
File /usr/lib/python3.12/lib-dynload/_hashlib.cpython-312-x86_64-linux-gnu.so first seen with mtime 1722447828.0
File /home/muthoni/Desktop/present/Project/Janja program/Django codes/LearnDjango2/TodoApp2/.julie/lib/python3.12/site-packages/django/contrib/admin/__init__.py first seen with mtime 1724746732.705699
File /usr/lib/python3.12/dataclasses.py first seen with mtime 1722447828.0
File /usr/lib/python3.12/html/entities.py first seen with mtime 1722447828.0
File /usr/lib/python3.12/urllib/response.py first seen with mtime 1722447828.0
File /home/muthoni/Desktop/present/Project/Janja program/Django codes/LearnDjango2/TodoApp2/.julie/lib/python3.12/site-packages/django/core/mail/utils.py first seen with mtime 1724746733.394529
File /home/muthoni/Desktop/present/Project/Janja program/Django codes/LearnDjango2/TodoApp2/.julie/lib/python3.12/site-packages/bootstrap5/templatetags/bootstrap5.py first seen with mtime 1724746735.3710585
File /home/muthoni/Desktop/present/Project/Janja program/Django codes/LearnDjango2/TodoApp2/.julie/lib/python3.12/site-packages/debug_toolbar/utils.py first seen with mtime 1724927981.4588623
File /home/muthoni/Desktop/present/Project/Janja program/Django codes/LearnDjango2/TodoApp2/.julie/lib/python3.12/site-packages/debug_toolbar/decorators.py first seen with mtime 1724927981.4568624
File /usr/lib/python3.12/asyncio/__init__.py first seen with mtime 1722447828.0
File /home/muthoni/Desktop/present/Project/Janja program/Django codes/LearnDjango2/TodoApp2/.julie/lib/python3.12/site-packages/django/template/loaders/cached.py first seen with mtime 1724746733.5414932
File /home/muthoni/Desktop/present/Project/Janja program/Django codes/LearnDjango2/TodoApp2/.julie/lib/python3.12/site-packages/django/utils/hashable.py first seen with mtime 1724746733.5534902
File /usr/lib/python3.12/importlib/resources/_adapters.py first seen with mtime 1722447828.0
File /home/muthoni/Desktop/present/Project/Janja program/Django codes/LearnDjango2/TodoApp2/.julie/lib/python3.12/site-packages/django/utils/lorem_ipsum.py first seen with mtime 1724746733.5554898
File /usr/lib/python3.12/email/mime/base.py first seen with mtime 1722447828.0
File /usr/lib/python3.12/sqlite3/__init__.py first seen with mtime 1722447828.0
File /home/muthoni/Desktop/present/Project/Janja program/Django codes/LearnDjango2/TodoApp2/.julie/lib/python3.12/site-packages/django/test/html.py first seen with mtime 1724746733.5434928
File /home/muthoni/Desktop/present/Project/Janja program/Django codes/LearnDjango2/TodoApp2/.julie/lib/python3.12/site-packages/sqlparse/engine/__init__.py first seen with mtime 1722886736.4816809
File /usr/lib/python3.12/asyncio/trsock.py first seen with mtime 1722447828.0
File /home/muthoni/Desktop/present/Project/Janja program/Django codes/LearnDjango2/TodoApp2/.julie/lib/python3.12/site-packages/debug_toolbar/templatetags/__init__.py first seen with mtime 1724927981.4908624
File /usr/lib/python3.12/string.py first seen with mtime 1722447828.0
File /home/muthoni/Desktop/present/Project/Janja program/Django codes/LearnDjango2/TodoApp2/.julie/lib/python3.12/site-packages/debug_toolbar/panels/history/__init__.py first seen with mtime 1724927981.4808624
File /usr/lib/python3.12/lib-dynload/_decimal.cpython-312-x86_64-linux-gnu.so first seen with mtime 1722447828.0
File /home/muthoni/Desktop/present/Project/Janja program/Django codes/LearnDjango2/TodoApp2/.julie/lib/python3.12/site-packages/django/views/__init__.py first seen with mtime 1724746733.5604885
File /usr/lib/python3.12/email/header.py first seen with mtime 1722447828.0
File /usr/lib/python3.12/unittest/main.py first seen with mtime 1722447828.0
File /usr/lib/python3.12/shutil.py first seen with mtime 1722447828.0
File /home/muthoni/Desktop/present/Project/Janja program/Django codes/LearnDjango2/TodoApp2/.julie/lib/python3.12/site-packages/django/contrib/contenttypes/management/__init__.py first seen with mtime 1724746732.9726322
File /usr/lib/python3.12/statistics.py first seen with mtime 1722447828.0
File /home/muthoni/Desktop/present/Project/Janja program/Django codes/LearnDjango2/TodoApp2/.julie/lib/python3.12/site-packages/django/test/client.py first seen with mtime 1724746733.5434928
File /usr/lib/python3.12/email/mime/message.py first seen with mtime 1722447828.0
File /home/muthoni/Desktop/present/Project/Janja program/Django codes/LearnDjango2/TodoApp2/todo_project/accounts/models.py first seen with mtime 1724924252.9447296
File /home/muthoni/Desktop/present/Project/Janja program/Django codes/LearnDjango2/TodoApp2/.julie/lib/python3.12/site-packages/django/utils/topological_sort.py first seen with mtime 1724746733.5574894
File /usr/lib/python3.12/queue.py first seen with mtime 1722447828.0
File /home/muthoni/Desktop/present/Project/Janja program/Django codes/LearnDjango2/TodoApp2/.julie/lib/python3.12/site-packages/bootstrap5/templatetags/__init__.py first seen with mtime 1724746735.3710585
File /usr/lib/python3.12/concurrent/futures/__init__.py first seen with mtime 1722447828.0
File /usr/lib/python3.12/logging/__init__.py first seen with mtime 1722447828.0
File /home/muthoni/Desktop/present/Project/Janja program/Django codes/LearnDjango2/TodoApp2/.julie/lib/python3.12/site-packages/django/db/backends/sqlite3/introspection.py first seen with mtime 1724746733.4325197
File /home/muthoni/Desktop/present/Project/Janja program/Django codes/LearnDjango2/TodoApp2/.julie/lib/python3.12/site-packages/django/db/models/fields/proxy.py first seen with mtime 1724746733.47251
File /home/muthoni/Desktop/present/Project/Janja program/Django codes/LearnDjango2/TodoApp2/.julie/lib/python3.12/site-packages/django/db/migrations/operations/base.py first seen with mtime 1724746733.448516
File /usr/lib/python3.12/asyncio/futures.py first seen with mtime 1722447828.0
File /home/muthoni/Desktop/present/Project/Janja program/Django codes/LearnDjango2/TodoApp2/.julie/lib/python3.12/site-packages/django/http/cookie.py first seen with mtime 1724746733.5274966
File /home/muthoni/Desktop/present/Project/Janja program/Django codes/LearnDjango2/TodoApp2/.julie/lib/python3.12/site-packages/django/contrib/auth/forms.py first seen with mtime 1724746732.876656
File /usr/lib/python3.12/multiprocessing/reduction.py first seen with mtime 1722447828.0
File /home/muthoni/Desktop/present/Project/Janja program/Django codes/LearnDjango2/TodoApp2/.julie/lib/python3.12/site-packages/debug_toolbar/panels/sql/utils.py first seen with mtime 1724927981.4828622
File /home/muthoni/Desktop/present/Project/Janja program/Django codes/LearnDjango2/TodoApp2/.julie/lib/python3.12/site-packages/django/views/debug.py first seen with mtime 1724746733.5604885
File /home/muthoni/Desktop/present/Project/Janja program/Django codes/LearnDjango2/TodoApp2/.julie/lib/python3.12/site-packages/django/db/migrations/migration.py first seen with mtime 1724746733.439518
File /usr/lib/python3.12/lib-dynload/resource.cpython-312-x86_64-linux-gnu.so first seen with mtime 1722447828.0
File /usr/lib/python3.12/multiprocessing/context.py first seen with mtime 1722447828.0
File /home/muthoni/Desktop/present/Project/Janja program/Django codes/LearnDjango2/TodoApp2/.julie/lib/python3.12/site-packages/django/forms/__init__.py first seen with mtime 1724746733.4955044
File /home/muthoni/Desktop/present/Project/Janja program/Django codes/LearnDjango2/TodoApp2/.julie/lib/python3.12/site-packages/django/db/models/fields/files.py first seen with mtime 1724746733.4715102
File /home/muthoni/Desktop/present/Project/Janja program/Django codes/LearnDjango2/TodoApp2/.julie/lib/python3.12/site-packages/asgiref/__init__.py first seen with mtime 1722886736.534681
File /home/muthoni/Desktop/present/Project/Janja program/Django codes/LearnDjango2/TodoApp2/.julie/lib/python3.12/site-packages/bootstrap5/__init__.py first seen with mtime 1724746735.3680592
File /home/muthoni/Desktop/present/Project/Janja program/Django codes/LearnDjango2/TodoApp2/.julie/lib/python3.12/site-packages/django/core/cache/backends/__init__.py first seen with mtime 1724746733.3755336
File /usr/lib/python3.12/wsgiref/__init__.py first seen with mtime 1722447828.0
File /usr/lib/python3.12/email/message.py first seen with mtime 1722447828.0
File /home/muthoni/Desktop/present/Project/Janja program/Django codes/LearnDjango2/TodoApp2/.julie/lib/python3.12/site-packages/django/db/backends/base/features.py first seen with mtime 1724746733.4125247
File /home/muthoni/Desktop/present/Project/Janja program/Django codes/LearnDjango2/TodoApp2/.julie/lib/python3.12/site-packages/django/utils/decorators.py first seen with mtime 1724746733.5514908
File /home/muthoni/Desktop/present/Project/Janja program/Django codes/LearnDjango2/TodoApp2/.julie/lib/python3.12/site-packages/django/template/backends/base.py first seen with mtime 1724746733.5394936
File /home/muthoni/Desktop/present/Project/Janja program/Django codes/LearnDjango2/TodoApp2/.julie/lib/python3.12/site-packages/django/core/checks/security/sessions.py first seen with mtime 1724746733.3835318
File /usr/lib/python3.12/asyncio/taskgroups.py first seen with mtime 1722447828.0
File /home/muthoni/Desktop/present/Project/Janja program/Django codes/LearnDjango2/TodoApp2/.julie/lib/python3.12/site-packages/django/utils/dates.py first seen with mtime 1724746733.550491
File /home/muthoni/Desktop/present/Project/Janja program/Django codes/LearnDjango2/TodoApp2/.julie/lib/python3.12/site-packages/django/contrib/messages/api.py first seen with mtime 1724746733.1525881
File /usr/lib/python3.12/asyncio/exceptions.py first seen with mtime 1722447828.0
File /home/muthoni/Desktop/present/Project/Janja program/Django codes/LearnDjango2/TodoApp2/.julie/lib/python3.12/site-packages/django/forms/formsets.py first seen with mtime 1724746733.496504
File /home/muthoni/Desktop/present/Project/Janja program/Django codes/LearnDjango2/TodoApp2/.julie/lib/python3.12/site-packages/django/db/backends/sqlite3/_functions.py first seen with mtime 1724746733.427521
File /home/muthoni/Desktop/present/Project/Janja program/Django codes/LearnDjango2/TodoApp2/.julie/lib/python3.12/site-packages/django/template/loaders/base.py first seen with mtime 1724746733.5414932
File /home/muthoni/Desktop/present/Project/Janja program/Django codes/LearnDjango2/TodoApp2/.julie/lib/python3.12/site-packages/debug_toolbar/panels/staticfiles.py first seen with mtime 1724927981.4798625
File /usr/lib/python3.12/importlib/abc.py first seen with mtime 1722447828.0
File /usr/lib/python3.12/types.py first seen with mtime 1722447828.0
File /home/muthoni/Desktop/present/Project/Janja program/Django codes/LearnDjango2/TodoApp2/.julie/lib/python3.12/site-packages/django/contrib/auth/apps.py first seen with mtime 1724746732.8746567
File /home/muthoni/Desktop/present/Project/Janja program/Django codes/LearnDjango2/TodoApp2/.julie/lib/python3.12/site-packages/django/contrib/__init__.py first seen with mtime 1724746732.7046993
File /home/muthoni/Desktop/present/Project/Janja program/Django codes/LearnDjango2/TodoApp2/todo_project/todo_app/views.py first seen with mtime 1724927873.1778586
File /home/muthoni/Desktop/present/Project/Janja program/Django codes/LearnDjango2/TodoApp2/.julie/lib/python3.12/site-packages/django/test/utils.py first seen with mtime 1724746733.5454922
File /usr/lib/python3.12/traceback.py first seen with mtime 1722447828.0
File /home/muthoni/Desktop/present/Project/Janja program/Django codes/LearnDjango2/TodoApp2/.julie/lib/python3.12/site-packages/bootstrap5/components.py first seen with mtime 1724746735.369059
File /home/muthoni/Desktop/present/Project/Janja program/Django codes/LearnDjango2/TodoApp2/.julie/lib/python3.12/site-packages/sqlparse/filters/__init__.py first seen with mtime 1722886736.483681
File /home/muthoni/Desktop/present/Project/Janja program/Django codes/LearnDjango2/TodoApp2/.julie/lib/python3.12/site-packages/django/db/models/__init__.py first seen with mtime 1724746733.4495156
File /home/muthoni/Desktop/present/Project/Janja program/Django codes/LearnDjango2/TodoApp2/.julie/lib/python3.12/site-packages/sqlparse/engine/statement_splitter.py first seen with mtime 1722886736.4826808
File /home/muthoni/Desktop/present/Project/Janja program/Django codes/LearnDjango2/TodoApp2/.julie/lib/python3.12/site-packages/django/template/loaders/__init__.py first seen with mtime 1724746733.5404935
File /home/muthoni/Desktop/present/Project/Janja program/Django codes/LearnDjango2/TodoApp2/todo_project/accounts/views.py first seen with mtime 1724927141.0128324
File /home/muthoni/Desktop/present/Project/Janja program/Django codes/LearnDjango2/TodoApp2/.julie/lib/python3.12/site-packages/django/db/models/enums.py first seen with mtime 1724746733.4585135
File /home/muthoni/Desktop/present/Project/Janja program/Django codes/LearnDjango2/TodoApp2/.julie/lib/python3.12/site-packages/django/db/migrations/state.py first seen with mtime 1724746733.440518
File /usr/lib/python3.12/wsgiref/handlers.py first seen with mtime 1722447828.0
File /home/muthoni/Desktop/present/Project/Janja program/Django codes/LearnDjango2/TodoApp2/.julie/lib/python3.12/site-packages/django/utils/timesince.py first seen with mtime 1724746733.5574894
File /usr/lib/python3.12/concurrent/futures/thread.py first seen with mtime 1722447828.0
File /usr/lib/python3.12/email/generator.py first seen with mtime 1722447828.0
File /usr/lib/python3.12/email/iterators.py first seen with mtime 1722447828.0
File /home/muthoni/Desktop/present/Project/Janja program/Django codes/LearnDjango2/TodoApp2/.julie/lib/python3.12/site-packages/debug_toolbar/panels/headers.py first seen with mtime 1724927981.4788623
File /home/muthoni/Desktop/present/Project/Janja program/Django codes/LearnDjango2/TodoApp2/.julie/lib/python3.12/site-packages/django/contrib/admin/exceptions.py first seen with mtime 1724746732.705699
File /home/muthoni/Desktop/present/Project/Janja program/Django codes/LearnDjango2/TodoApp2/.julie/lib/python3.12/site-packages/django/db/models/query_utils.py first seen with mtime 1724746733.4665115
File /home/muthoni/Desktop/present/Project/Janja program/Django codes/LearnDjango2/TodoApp2/.julie/lib/python3.12/site-packages/django/core/files/storage/mixins.py first seen with mtime 1724746733.3915298
File /home/muthoni/Desktop/present/Project/Janja program/Django codes/LearnDjango2/TodoApp2/.julie/lib/python3.12/site-packages/sqlparse/keywords.py first seen with mtime 1722886736.480681
File /usr/lib/python3.12/lzma.py first seen with mtime 1722447828.0
File /home/muthoni/Desktop/present/Project/Janja program/Django codes/LearnDjango2/TodoApp2/.julie/lib/python3.12/site-packages/debug_toolbar/panels/history/forms.py first seen with mtime 1724927981.4808624
File /home/muthoni/Desktop/present/Project/Janja program/Django codes/LearnDjango2/TodoApp2/.julie/lib/python3.12/site-packages/debug_toolbar/panels/redirects.py first seen with mtime 1724927981.4788623
File /home/muthoni/Desktop/present/Project/Janja program/Django codes/LearnDjango2/TodoApp2/.julie/lib/python3.12/site-packages/django/contrib/staticfiles/management/commands/__init__.py first seen with mtime 1724746733.370535
File /home/muthoni/Desktop/present/Project/Janja program/Django codes/LearnDjango2/TodoApp2/.julie/lib/python3.12/site-packages/django/contrib/auth/__init__.py first seen with mtime 1724746732.873657
File /home/muthoni/Desktop/present/Project/Janja program/Django codes/LearnDjango2/TodoApp2/.julie/lib/python3.12/site-packages/django/contrib/admin/templatetags/admin_list.py first seen with mtime 1724746732.8196704
File /home/muthoni/Desktop/present/Project/Janja program/Django codes/LearnDjango2/TodoApp2/.julie/lib/python3.12/site-packages/django/db/models/options.py first seen with mtime 1724746733.4655118
File /home/muthoni/Desktop/present/Project/Janja program/Django codes/LearnDjango2/TodoApp2/.julie/lib/python3.12/site-packages/django/dispatch/__init__.py first seen with mtime 1724746733.4945047
File /usr/lib/python3.12/functools.py first seen with mtime 1722447828.0
File /usr/lib/python3.12/collections/__init__.py first seen with mtime 1722447828.0
File /usr/lib/python3.12/encodings/utf_8.py first seen with mtime 1722447828.0
File /home/muthoni/Desktop/present/Project/Janja program/Django codes/LearnDjango2/TodoApp2/.julie/lib/python3.12/site-packages/django/template/base.py first seen with mtime 1724746733.5364945
File /home/muthoni/Desktop/present/Project/Janja program/Django codes/LearnDjango2/TodoApp2/.julie/lib/python3.12/site-packages/django/contrib/auth/models.py first seen with mtime 1724746732.877656
File /home/muthoni/Desktop/present/Project/Janja program/Django codes/LearnDjango2/TodoApp2/.julie/lib/python3.12/site-packages/django/contrib/sites/requests.py first seen with mtime 1724746733.312549
File /home/muthoni/Desktop/present/Project/Janja program/Django codes/LearnDjango2/TodoApp2/.julie/lib/python3.12/site-packages/django/db/models/fields/json.py first seen with mtime 1724746733.47251
File /usr/lib/python3.12/email/contentmanager.py first seen with mtime 1722447828.0
File /home/muthoni/Desktop/present/Project/Janja program/Django codes/LearnDjango2/TodoApp2/.julie/lib/python3.12/site-packages/django/db/models/aggregates.py first seen with mtime 1724746733.4495156
File /usr/lib/python3.12/fractions.py first seen with mtime 1722447828.0
File /usr/lib/python3.12/selectors.py first seen with mtime 1722447828.0
File /home/muthoni/Desktop/present/Project/Janja program/Django codes/LearnDjango2/TodoApp2/.julie/lib/python3.12/site-packages/django/utils/version.py first seen with mtime 1724746733.558489
File /home/muthoni/Desktop/present/Project/Janja program/Django codes/LearnDjango2/TodoApp2/.julie/lib/python3.12/site-packages/debug_toolbar/apps.py first seen with mtime 1724927981.4568624
File /usr/lib/python3.12/xml/dom/__init__.py first seen with mtime 1722447828.0
File /home/muthoni/Desktop/present/Project/Janja program/Django codes/LearnDjango2/TodoApp2/.julie/lib/python3.12/site-packages/django/apps/config.py first seen with mtime 1724746732.605724
File /home/muthoni/Desktop/present/Project/Janja program/Django codes/LearnDjango2/TodoApp2/.julie/lib/python3.12/site-packages/debug_toolbar/panels/sql/panel.py first seen with mtime 1724927981.4818623
File /home/muthoni/Desktop/present/Project/Janja program/Django codes/LearnDjango2/TodoApp2/.julie/lib/python3.12/site-packages/django/core/management/sql.py first seen with mtime 1724746733.3975282
File /usr/lib/python3.12/pprint.py first seen with mtime 1722447828.0
File /usr/lib/python3.12/lib-dynload/_bz2.cpython-312-x86_64-linux-gnu.so first seen with mtime 1722447828.0
File /usr/lib/python3.12/html/__init__.py first seen with mtime 1722447828.0
File /home/muthoni/Desktop/present/Project/Janja program/Django codes/LearnDjango2/TodoApp2/.julie/lib/python3.12/site-packages/sqlparse/engine/grouping.py first seen with mtime 1722886736.4826808
File /home/muthoni/Desktop/present/Project/Janja program/Django codes/LearnDjango2/TodoApp2/.julie/lib/python3.12/site-packages/django/forms/boundfield.py first seen with mtime 1724746733.4955044
File /home/muthoni/Desktop/present/Project/Janja program/Django codes/LearnDjango2/TodoApp2/.julie/lib/python3.12/site-packages/debug_toolbar/settings.py first seen with mtime 1724927981.4578624
File /usr/lib/python3.12/dis.py first seen with mtime 1722447828.0
File /home/muthoni/Desktop/present/Project/Janja program/Django codes/LearnDjango2/TodoApp2/.julie/lib/python3.12/site-packages/django/views/decorators/cache.py first seen with mtime 1724746733.562488
File /home/muthoni/Desktop/present/Project/Janja program/Django codes/LearnDjango2/TodoApp2/.julie/lib/python3.12/site-packages/django/utils/translation/trans_real.py first seen with mtime 1724746733.5594888
File /usr/lib/python3.12/importlib/resources/_legacy.py first seen with mtime 1722447828.0
File /home/muthoni/Desktop/present/Project/Janja program/Django codes/LearnDjango2/TodoApp2/.julie/lib/python3.12/site-packages/sqlparse/engine/filter_stack.py first seen with mtime 1722886736.4826808
File /home/muthoni/Desktop/present/Project/Janja program/Django codes/LearnDjango2/TodoApp2/.julie/lib/python3.12/site-packages/django/views/defaults.py first seen with mtime 1724746733.5604885
File /home/muthoni/Desktop/present/Project/Janja program/Django codes/LearnDjango2/TodoApp2/.julie/lib/python3.12/site-packages/django/utils/numberformat.py first seen with mtime 1724746733.5564895
File /usr/lib/python3.12/re/_parser.py first seen with mtime 1722447828.0
File /home/muthoni/Desktop/present/Project/Janja program/Django codes/LearnDjango2/TodoApp2/.julie/lib/python3.12/site-packages/django/utils/safestring.py first seen with mtime 1724746733.5564895
File /home/muthoni/Desktop/present/Project/Janja program/Django codes/LearnDjango2/TodoApp2/.julie/lib/python3.12/site-packages/django/utils/regex_helper.py first seen with mtime 1724746733.5564895
File /usr/lib/python3.12/zoneinfo/_common.py first seen with mtime 1722447828.0
File /home/muthoni/Desktop/present/Project/Janja program/Django codes/LearnDjango2/TodoApp2/.julie/lib/python3.12/site-packages/django/db/migrations/graph.py first seen with mtime 1724746733.4385183
File /home/muthoni/Desktop/present/Project/Janja program/Django codes/LearnDjango2/TodoApp2/.julie/lib/python3.12/site-packages/django/template/backends/__init__.py first seen with mtime 1724746733.5394936
File /home/muthoni/Desktop/present/Project/Janja program/Django codes/LearnDjango2/TodoApp2/.julie/lib/python3.12/site-packages/django/db/models/sql/query.py first seen with mtime 1724746733.492505
File /home/muthoni/Desktop/present/Project/Janja program/Django codes/LearnDjango2/TodoApp2/.julie/lib/python3.12/site-packages/django/contrib/admin/models.py first seen with mtime 1724746732.7066987
File /home/muthoni/Desktop/present/Project/Janja program/Django codes/LearnDjango2/TodoApp2/.julie/lib/python3.12/site-packages/django/contrib/admin/views/autocomplete.py first seen with mtime 1724746732.8206701
File /usr/lib/python3.12/asyncio/base_tasks.py first seen with mtime 1722447828.0
File /home/muthoni/Desktop/present/Project/Janja program/Django codes/LearnDjango2/TodoApp2/.julie/lib/python3.12/site-packages/django/utils/dateformat.py first seen with mtime 1724746733.5494912
File /home/muthoni/Desktop/present/Project/Janja program/Django codes/LearnDjango2/TodoApp2/.julie/lib/python3.12/site-packages/django/contrib/staticfiles/management/__init__.py first seen with mtime 1724746733.370535
File /usr/lib/python3.12/http/client.py first seen with mtime 1722447828.0
File /home/muthoni/Desktop/present/Project/Janja program/Django codes/LearnDjango2/TodoApp2/.julie/lib/python3.12/site-packages/django/core/management/commands/__init__.py first seen with mtime 1724746733.398528
File /home/muthoni/Desktop/present/Project/Janja program/Django codes/LearnDjango2/TodoApp2/.julie/lib/python3.12/site-packages/django/db/backends/sqlite3/features.py first seen with mtime 1724746733.4285207
File /usr/lib/python3.12/mimetypes.py first seen with mtime 1722447828.0
File /usr/lib/python3.12/ssl.py first seen with mtime 1722447828.0
File /home/muthoni/Desktop/present/Project/Janja program/Django codes/LearnDjango2/TodoApp2/.julie/lib/python3.12/site-packages/django/http/request.py first seen with mtime 1724746733.5314956
File /usr/lib/python3.12/textwrap.py first seen with mtime 1722447828.0
File /usr/lib/python3.12/calendar.py first seen with mtime 1722447828.0
File /usr/lib/python3.12/email/mime/multipart.py first seen with mtime 1722447828.0
File /usr/lib/python3.12/xml/dom/xmlbuilder.py first seen with mtime 1722447828.0
File /usr/lib/python3.12/zoneinfo/_tzpath.py first seen with mtime 1722447828.0
File /usr/lib/python3.12/uuid.py first seen with mtime 1722447828.0
File /usr/lib/python3.12/email/mime/__init__.py first seen with mtime 1722447828.0
File /usr/lib/python3.12/asyncio/streams.py first seen with mtime 1722447828.0
File /home/muthoni/Desktop/present/Project/Janja program/Django codes/LearnDjango2/TodoApp2/.julie/lib/python3.12/site-packages/django/db/backends/signals.py first seen with mtime 1724746733.410525
File /usr/lib/python3.12/unittest/result.py first seen with mtime 1722447828.0
File /usr/lib/python3.12/fnmatch.py first seen with mtime 1722447828.0
File /home/muthoni/Desktop/present/Project/Janja program/Django codes/LearnDjango2/TodoApp2/.julie/lib/python3.12/site-packages/django/contrib/staticfiles/__init__.py first seen with mtime 1724746733.366536
File /usr/lib/python3.12/http/cookies.py first seen with mtime 1722447828.0
File /home/muthoni/Desktop/present/Project/Janja program/Django codes/LearnDjango2/TodoApp2/.julie/lib/python3.12/site-packages/debug_toolbar/urls.py first seen with mtime 1724927981.4588623
File /usr/lib/python3.12/email/encoders.py first seen with mtime 1722447828.0
File /home/muthoni/Desktop/present/Project/Janja program/Django codes/LearnDjango2/TodoApp2/.julie/lib/python3.12/site-packages/django/contrib/staticfiles/handlers.py first seen with mtime 1724746733.3675356
File /home/muthoni/Desktop/present/Project/Janja program/Django codes/LearnDjango2/TodoApp2/.julie/lib/python3.12/site-packages/django/core/checks/compatibility/django_4_0.py first seen with mtime 1724746733.3805325
File /usr/lib/python3.12/asyncio/events.py first seen with mtime 1722447828.0
File /home/muthoni/Desktop/present/Project/Janja program/Django codes/LearnDjango2/TodoApp2/.julie/lib/python3.12/site-packages/django/core/handlers/exception.py first seen with mtime 1724746733.3925295
File /usr/lib/python3.12/keyword.py first seen with mtime 1722447828.0
File /home/muthoni/Desktop/present/Project/Janja program/Django codes/LearnDjango2/TodoApp2/todo_project/accounts/admin.py first seen with mtime 1724924252.9447296
File /home/muthoni/Desktop/present/Project/Janja program/Django codes/LearnDjango2/TodoApp2/.julie/lib/python3.12/site-packages/django/core/checks/model_checks.py first seen with mtime 1724746733.3795326
File /home/muthoni/Desktop/present/Project/Janja program/Django codes/LearnDjango2/TodoApp2/.julie/lib/python3.12/site-packages/django/contrib/contenttypes/apps.py first seen with mtime 1724746732.937641
File /home/muthoni/Desktop/present/Project/Janja program/Django codes/LearnDjango2/TodoApp2/.julie/lib/python3.12/site-packages/django/contrib/contenttypes/models.py first seen with mtime 1724746732.9386406
File /home/muthoni/Desktop/present/Project/Janja program/Django codes/LearnDjango2/TodoApp2/.julie/lib/python3.12/site-packages/django/utils/tree.py first seen with mtime 1724746733.558489
File /usr/lib/python3.12/unittest/runner.py first seen with mtime 1722447828.0
File /usr/lib/python3.12/xml/dom/domreg.py first seen with mtime 1722447828.0
File /usr/lib/python3.12/urllib/parse.py first seen with mtime 1722447828.0
File /usr/lib/python3.12/email/_encoded_words.py first seen with mtime 1722447828.0
File /home/muthoni/Desktop/present/Project/Janja program/Django codes/LearnDjango2/TodoApp2/.julie/lib/python3.12/site-packages/django/middleware/common.py first seen with mtime 1724746733.5324953
File /home/muthoni/Desktop/present/Project/Janja program/Django codes/LearnDjango2/TodoApp2/.julie/lib/python3.12/site-packages/debug_toolbar/panels/sql/views.py first seen with mtime 1724927981.4828622
File /home/muthoni/Desktop/present/Project/Janja program/Django codes/LearnDjango2/TodoApp2/.julie/lib/python3.12/site-packages/django/utils/termcolors.py first seen with mtime 1724746733.5564895
File /home/muthoni/Desktop/present/Project/Janja program/Django codes/LearnDjango2/TodoApp2/.julie/lib/python3.12/site-packages/django/template/__init__.py first seen with mtime 1724746733.5354946
File /home/muthoni/Desktop/present/Project/Janja program/Django codes/LearnDjango2/TodoApp2/.julie/lib/python3.12/site-packages/django/contrib/auth/admin.py first seen with mtime 1724746732.8746567
File /home/muthoni/Desktop/present/Project/Janja program/Django codes/LearnDjango2/TodoApp2/.julie/lib/python3.12/site-packages/django/utils/itercompat.py first seen with mtime 1724746733.5554898
File /usr/lib/python3.12/pickle.py first seen with mtime 1722447828.0
File /home/muthoni/Desktop/present/Project/Janja program/Django codes/LearnDjango2/TodoApp2/.julie/lib/python3.12/site-packages/django/utils/asyncio.py first seen with mtime 1724746733.5474918
File /usr/lib/python3.12/pkgutil.py first seen with mtime 1722447828.0
File /home/muthoni/Desktop/present/Project/Janja program/Django codes/LearnDjango2/TodoApp2/.julie/lib/python3.12/site-packages/django/contrib/admin/decorators.py first seen with mtime 1724746732.705699
File /usr/lib/python3.12/urllib/request.py first seen with mtime 1722447828.0
File /home/muthoni/Desktop/present/Project/Janja program/Django codes/LearnDjango2/TodoApp2/.julie/lib/python3.12/site-packages/django/db/models/constants.py first seen with mtime 1724746733.4575136
File /usr/lib/python3.12/xml/dom/NodeFilter.py first seen with mtime 1722447828.0
File /home/muthoni/Desktop/present/Project/Janja program/Django codes/LearnDjango2/TodoApp2/.julie/lib/python3.12/site-packages/debug_toolbar/panels/signals.py first seen with mtime 1724927981.4798625
File /home/muthoni/Desktop/present/Project/Janja program/Django codes/LearnDjango2/TodoApp2/.julie/lib/python3.12/site-packages/django/contrib/auth/management/__init__.py first seen with mtime 1724746732.9326422
File /home/muthoni/Desktop/present/Project/Janja program/Django codes/LearnDjango2/TodoApp2/.julie/lib/python3.12/site-packages/django/contrib/auth/validators.py first seen with mtime 1724746732.8796554
File /home/muthoni/Desktop/present/Project/Janja program/Django codes/LearnDjango2/TodoApp2/.julie/lib/python3.12/site-packages/django/contrib/contenttypes/fields.py first seen with mtime 1724746732.9386406
File /home/muthoni/Desktop/present/Project/Janja program/Django codes/LearnDjango2/TodoApp2/.julie/lib/python3.12/site-packages/django/utils/duration.py first seen with mtime 1724746733.5524905
File /home/muthoni/Desktop/present/Project/Janja program/Django codes/LearnDjango2/TodoApp2/.julie/lib/python3.12/site-packages/django/contrib/admin/templatetags/__init__.py first seen with mtime 1724746732.8196704
File /home/muthoni/Desktop/present/Project/Janja program/Django codes/LearnDjango2/TodoApp2/.julie/lib/python3.12/site-packages/debug_toolbar/panels/__init__.py first seen with mtime 1724927981.4778624
File /home/muthoni/Desktop/present/Project/Janja program/Django codes/LearnDjango2/TodoApp2/.julie/lib/python3.12/site-packages/django/contrib/admin/filters.py first seen with mtime 1724746732.7066987
File /home/muthoni/Desktop/present/Project/Janja program/Django codes/LearnDjango2/TodoApp2/.julie/lib/python3.12/site-packages/django/templatetags/cache.py first seen with mtime 1724746733.5424929
File /home/muthoni/Desktop/present/Project/Janja program/Django codes/LearnDjango2/TodoApp2/.julie/lib/python3.12/site-packages/django/db/models/functions/text.py first seen with mtime 1724746733.4835074
File /home/muthoni/Desktop/present/Project/Janja program/Django codes/LearnDjango2/TodoApp2/.julie/lib/python3.12/site-packages/django/template/context.py first seen with mtime 1724746733.5364945
File /home/muthoni/Desktop/present/Project/Janja program/Django codes/LearnDjango2/TodoApp2/.julie/lib/python3.12/site-packages/django/contrib/staticfiles/storage.py first seen with mtime 1724746733.3685353
File /usr/lib/python3.12/lib-dynload/_lsprof.cpython-312-x86_64-linux-gnu.so first seen with mtime 1722447828.0
File /usr/lib/python3.12/email/errors.py first seen with mtime 1722447828.0
File /home/muthoni/Desktop/present/Project/Janja program/Django codes/LearnDjango2/TodoApp2/.julie/lib/python3.12/site-packages/django/db/models/sql/datastructures.py first seen with mtime 1724746733.4915054
File /home/muthoni/Desktop/present/Project/Janja program/Django codes/LearnDjango2/TodoApp2/.julie/lib/python3.12/site-packages/django/core/management/commands/runserver.py first seen with mtime 1724746733.402527
File /home/muthoni/Desktop/present/Project/Janja program/Django codes/LearnDjango2/TodoApp2/.julie/lib/python3.12/site-packages/django/utils/log.py first seen with mtime 1724746733.5554898
File /home/muthoni/Desktop/present/Project/Janja program/Django codes/LearnDjango2/TodoApp2/.julie/lib/python3.12/site-packages/django/core/handlers/asgi.py first seen with mtime 1724746733.3925295
File /usr/lib/python3.12/asyncio/queues.py first seen with mtime 1722447828.0
File /home/muthoni/Desktop/present/Project/Janja program/Django codes/LearnDjango2/TodoApp2/.julie/lib/python3.12/site-packages/debug_toolbar/panels/templates/views.py first seen with mtime 1724927981.4838624
File /home/muthoni/Desktop/present/Project/Janja program/Django codes/LearnDjango2/TodoApp2/.julie/lib/python3.12/site-packages/django/db/backends/sqlite3/client.py first seen with mtime 1724746733.4285207
File /home/muthoni/Desktop/present/Project/Janja program/Django codes/LearnDjango2/TodoApp2/.julie/lib/python3.12/site-packages/django/core/checks/security/base.py first seen with mtime 1724746733.3835318
File /usr/lib/python3.12/asyncio/mixins.py first seen with mtime 1722447828.0
File /home/muthoni/Desktop/present/Project/Janja program/Django codes/LearnDjango2/TodoApp2/.julie/lib/python3.12/site-packages/django/contrib/admin/widgets.py first seen with mtime 1724746732.7086983
File /home/muthoni/Desktop/present/Project/Janja program/Django codes/LearnDjango2/TodoApp2/.julie/lib/python3.12/site-packages/django/middleware/clickjacking.py first seen with mtime 1724746733.5324953
File /home/muthoni/Desktop/present/Project/Janja program/Django codes/LearnDjango2/TodoApp2/.julie/lib/python3.12/site-packages/django/db/models/deletion.py first seen with mtime 1724746733.4575136
File /home/muthoni/Desktop/present/Project/Janja program/Django codes/LearnDjango2/TodoApp2/.julie/lib/python3.12/site-packages/django/contrib/admin/templatetags/base.py first seen with mtime 1724746732.8196704
File /home/muthoni/Desktop/present/Project/Janja program/Django codes/LearnDjango2/TodoApp2/.julie/lib/python3.12/site-packages/debug_toolbar/panels/sql/forms.py first seen with mtime 1724927981.4818623
File /home/muthoni/Desktop/present/Project/Janja program/Django codes/LearnDjango2/TodoApp2/.julie/lib/python3.12/site-packages/django/template/utils.py first seen with mtime 1724746733.5394936
File /home/muthoni/Desktop/present/Project/Janja program/Django codes/LearnDjango2/TodoApp2/.julie/lib/python3.12/site-packages/django/db/models/indexes.py first seen with mtime 1724746733.4645119
File /usr/lib/python3.12/tempfile.py first seen with mtime 1722447828.0
File /home/muthoni/Desktop/present/Project/Janja program/Django codes/LearnDjango2/TodoApp2/.julie/lib/python3.12/site-packages/django/template/defaultfilters.py first seen with mtime 1724746733.5374942
File /home/muthoni/Desktop/present/Project/Janja program/Django codes/LearnDjango2/TodoApp2/.julie/lib/python3.12/site-packages/django/db/migrations/utils.py first seen with mtime 1724746733.4475162
File /home/muthoni/Desktop/present/Project/Janja program/Django codes/LearnDjango2/TodoApp2/.julie/lib/python3.12/site-packages/django/db/models/base.py first seen with mtime 1724746733.456514
File /usr/lib/python3.12/importlib/resources/abc.py first seen with mtime 1722447828.0
File /home/muthoni/Desktop/present/Project/Janja program/Django codes/LearnDjango2/TodoApp2/.julie/lib/python3.12/site-packages/debug_toolbar/toolbar.py first seen with mtime 1724927981.4578624
File /home/muthoni/Desktop/present/Project/Janja program/Django codes/LearnDjango2/TodoApp2/.julie/lib/python3.12/site-packages/django/core/exceptions.py first seen with mtime 1724746733.3725343
File /usr/lib/python3.12/logging/handlers.py first seen with mtime 1722447828.0
File /home/muthoni/Desktop/present/Project/Janja program/Django codes/LearnDjango2/TodoApp2/.julie/lib/python3.12/site-packages/django/core/mail/message.py first seen with mtime 1724746733.3935292
File /home/muthoni/Desktop/present/Project/Janja program/Django codes/LearnDjango2/TodoApp2/.julie/lib/python3.12/site-packages/django/views/decorators/debug.py first seen with mtime 1724746733.5634878
File /usr/lib/python3.12/hmac.py first seen with mtime 1722447828.0
File /home/muthoni/Desktop/present/Project/Janja program/Django codes/LearnDjango2/TodoApp2/.julie/lib/python3.12/site-packages/django/db/models/expressions.py first seen with mtime 1724746733.4585135
File /home/muthoni/Desktop/present/Project/Janja program/Django codes/LearnDjango2/TodoApp2/.julie/lib/python3.12/site-packages/django/db/models/functions/__init__.py first seen with mtime 1724746733.4785085
File /home/muthoni/Desktop/present/Project/Janja program/Django codes/LearnDjango2/TodoApp2/.julie/lib/python3.12/site-packages/django/core/handlers/wsgi.py first seen with mtime 1724746733.3935292
File /home/muthoni/Desktop/present/Project/Janja program/Django codes/LearnDjango2/TodoApp2/.julie/lib/python3.12/site-packages/django/template/autoreload.py first seen with mtime 1724746733.5354946
File /usr/lib/python3.12/asyncio/timeouts.py first seen with mtime 1722447828.0
File /home/muthoni/Desktop/present/Project/Janja program/Django codes/LearnDjango2/TodoApp2/.julie/lib/python3.12/site-packages/django/core/__init__.py first seen with mtime 1724746733.3725343
File /home/muthoni/Desktop/present/Project/Janja program/Django codes/LearnDjango2/TodoApp2/.julie/lib/python3.12/site-packages/django/templatetags/l10n.py first seen with mtime 1724746733.5424929
File /home/muthoni/Desktop/present/Project/Janja program/Django codes/LearnDjango2/TodoApp2/.julie/lib/python3.12/site-packages/django/contrib/sessions/exceptions.py first seen with mtime 1724746733.2555628
File /home/muthoni/Desktop/present/Project/Janja program/Django codes/LearnDjango2/TodoApp2/.julie/lib/python3.12/site-packages/django/core/checks/async_checks.py first seen with mtime 1724746733.378533
File /home/muthoni/Desktop/present/Project/Janja program/Django codes/LearnDjango2/TodoApp2/.julie/lib/python3.12/site-packages/django/forms/fields.py first seen with mtime 1724746733.4955044
File /usr/lib/python3.12/email/parser.py first seen with mtime 1722447828.0
File /home/muthoni/Desktop/present/Project/Janja program/Django codes/LearnDjango2/TodoApp2/.julie/lib/python3.12/site-packages/django/db/models/functions/math.py first seen with mtime 1724746733.4825075
File /home/muthoni/Desktop/present/Project/Janja program/Django codes/LearnDjango2/TodoApp2/.julie/lib/python3.12/site-packages/django/urls/conf.py first seen with mtime 1724746733.5454922
File /usr/lib/python3.12/asyncio/runners.py first seen with mtime 1722447828.0
File /usr/lib/python3.12/unittest/suite.py first seen with mtime 1722447828.0
File /home/muthoni/Desktop/present/Project/Janja program/Django codes/LearnDjango2/TodoApp2/.julie/lib/python3.12/site-packages/django/template/defaulttags.py first seen with mtime 1724746733.5374942
File /usr/lib/python3.12/bz2.py first seen with mtime 1722447828.0
File /home/muthoni/Desktop/present/Project/Janja program/Django codes/LearnDjango2/TodoApp2/.julie/lib/python3.12/site-packages/django/apps/registry.py first seen with mtime 1724746732.605724
File /home/muthoni/Desktop/present/Project/Janja program/Django codes/LearnDjango2/TodoApp2/.julie/lib/python3.12/site-packages/asgiref/sync.py first seen with mtime 1722886736.535681
File /home/muthoni/Desktop/present/Project/Janja program/Django codes/LearnDjango2/TodoApp2/.julie/lib/python3.12/site-packages/django/core/files/utils.py first seen with mtime 1724746733.3875308
File /home/muthoni/Desktop/present/Project/Janja program/Django codes/LearnDjango2/TodoApp2/.julie/lib/python3.12/site-packages/django/contrib/admin/apps.py first seen with mtime 1724746732.705699
File /home/muthoni/Desktop/present/Project/Janja program/Django codes/LearnDjango2/TodoApp2/todo_project/todo_app/__init__.py first seen with mtime 1724569376.3070428
File /usr/lib/python3.12/pathlib.py first seen with mtime 1722447828.0
File /home/muthoni/Desktop/present/Project/Janja program/Django codes/LearnDjango2/TodoApp2/.julie/lib/python3.12/site-packages/django/core/checks/templates.py first seen with mtime 1724746733.3795326
File /home/muthoni/Desktop/present/Project/Janja program/Django codes/LearnDjango2/TodoApp2/.julie/lib/python3.12/site-packages/django/core/management/__init__.py first seen with mtime 1724746733.3965285
File /usr/lib/python3.12/getpass.py first seen with mtime 1722447828.0
File /home/muthoni/Desktop/present/Project/Janja program/Django codes/LearnDjango2/TodoApp2/.julie/lib/python3.12/site-packages/django/db/transaction.py first seen with mtime 1724746733.4095254
File /home/muthoni/Desktop/present/Project/Janja program/Django codes/LearnDjango2/TodoApp2/.julie/lib/python3.12/site-packages/bootstrap5/templates/bootstrap5 first seen with mtime 1724746735.3700588
File /home/muthoni/Desktop/present/Project/Janja program/Django codes/LearnDjango2/TodoApp2/.julie/lib/python3.12/site-packages/bootstrap5/templates/bootstrap5/form_errors.html first seen with mtime 1724746735.3700588
File /home/muthoni/Desktop/present/Project/Janja program/Django codes/LearnDjango2/TodoApp2/.julie/lib/python3.12/site-packages/bootstrap5/templates/bootstrap5/bootstrap5.html first seen with mtime 1724746735.3700588
File /home/muthoni/Desktop/present/Project/Janja program/Django codes/LearnDjango2/TodoApp2/.julie/lib/python3.12/site-packages/bootstrap5/templates/bootstrap5/field_errors.html first seen with mtime 1724746735.3700588
File /home/muthoni/Desktop/present/Project/Janja program/Django codes/LearnDjango2/TodoApp2/.julie/lib/python3.12/site-packages/bootstrap5/templates/bootstrap5/pagination.html first seen with mtime 1724746735.3700588
File /home/muthoni/Desktop/present/Project/Janja program/Django codes/LearnDjango2/TodoApp2/.julie/lib/python3.12/site-packages/bootstrap5/templates/bootstrap5/field_help_text.html first seen with mtime 1724746735.3700588
File /home/muthoni/Desktop/present/Project/Janja program/Django codes/LearnDjango2/TodoApp2/.julie/lib/python3.12/site-packages/bootstrap5/templates/bootstrap5/widgets first seen with mtime 1724746735.3700588
File /home/muthoni/Desktop/present/Project/Janja program/Django codes/LearnDjango2/TodoApp2/.julie/lib/python3.12/site-packages/bootstrap5/templates/bootstrap5/messages.html first seen with mtime 1724746735.3700588
File /home/muthoni/Desktop/present/Project/Janja program/Django codes/LearnDjango2/TodoApp2/.julie/lib/python3.12/site-packages/bootstrap5/templates/bootstrap5/widgets/radio_select_button_group.html first seen with mtime 1724746735.3710585
File /home/muthoni/Desktop/present/Project/Janja program/Django codes/LearnDjango2/TodoApp2/.julie/lib/python3.12/site-packages/debug_toolbar/templates/debug_toolbar first seen with mtime 1724927981.4858623
File /home/muthoni/Desktop/present/Project/Janja program/Django codes/LearnDjango2/TodoApp2/.julie/lib/python3.12/site-packages/debug_toolbar/templates/debug_toolbar/includes first seen with mtime 1724927981.4858623
File /home/muthoni/Desktop/present/Project/Janja program/Django codes/LearnDjango2/TodoApp2/.julie/lib/python3.12/site-packages/debug_toolbar/templates/debug_toolbar/redirect.html first seen with mtime 1724927981.4858623
File /home/muthoni/Desktop/present/Project/Janja program/Django codes/LearnDjango2/TodoApp2/.julie/lib/python3.12/site-packages/debug_toolbar/templates/debug_toolbar/base.html first seen with mtime 1724927981.4858623
File /home/muthoni/Desktop/present/Project/Janja program/Django codes/LearnDjango2/TodoApp2/.julie/lib/python3.12/site-packages/debug_toolbar/templates/debug_toolbar/panels first seen with mtime 1724927981.4908624
File /home/muthoni/Desktop/present/Project/Janja program/Django codes/LearnDjango2/TodoApp2/.julie/lib/python3.12/site-packages/debug_toolbar/templates/debug_toolbar/includes/panel_button.html first seen with mtime 1724927981.4858623
File /home/muthoni/Desktop/present/Project/Janja program/Django codes/LearnDjango2/TodoApp2/.julie/lib/python3.12/site-packages/debug_toolbar/templates/debug_toolbar/includes/panel_content.html first seen with mtime 1724927981.4858623
File /home/muthoni/Desktop/present/Project/Janja program/Django codes/LearnDjango2/TodoApp2/.julie/lib/python3.12/site-packages/debug_toolbar/templates/debug_toolbar/includes/theme_selector.html first seen with mtime 1724927981.4858623
File /home/muthoni/Desktop/present/Project/Janja program/Django codes/LearnDjango2/TodoApp2/.julie/lib/python3.12/site-packages/debug_toolbar/templates/debug_toolbar/panels/alerts.html first seen with mtime 1724927981.4868624
File /home/muthoni/Desktop/present/Project/Janja program/Django codes/LearnDjango2/TodoApp2/.julie/lib/python3.12/site-packages/debug_toolbar/templates/debug_toolbar/panels/versions.html first seen with mtime 1724927981.4908624
File /home/muthoni/Desktop/present/Project/Janja program/Django codes/LearnDjango2/TodoApp2/.julie/lib/python3.12/site-packages/debug_toolbar/templates/debug_toolbar/panels/templates.html first seen with mtime 1724927981.4898624
File /home/muthoni/Desktop/present/Project/Janja program/Django codes/LearnDjango2/TodoApp2/.julie/lib/python3.12/site-packages/debug_toolbar/templates/debug_toolbar/panels/sql_explain.html first seen with mtime 1724927981.4888623
File /home/muthoni/Desktop/present/Project/Janja program/Django codes/LearnDjango2/TodoApp2/.julie/lib/python3.12/site-packages/debug_toolbar/templates/debug_toolbar/panels/request_variables.html first seen with mtime 1724927981.4878623
File /home/muthoni/Desktop/present/Project/Janja program/Django codes/LearnDjango2/TodoApp2/.julie/lib/python3.12/site-packages/debug_toolbar/templates/debug_toolbar/panels/profiling.html first seen with mtime 1724927981.4878623
File /home/muthoni/Desktop/present/Project/Janja program/Django codes/LearnDjango2/TodoApp2/.julie/lib/python3.12/site-packages/debug_toolbar/templates/debug_toolbar/panels/cache.html first seen with mtime 1724927981.4868624
File /home/muthoni/Desktop/present/Project/Janja program/Django codes/LearnDjango2/TodoApp2/.julie/lib/python3.12/site-packages/debug_toolbar/templates/debug_toolbar/panels/sql.html first seen with mtime 1724927981.4888623
File /home/muthoni/Desktop/present/Project/Janja program/Django codes/LearnDjango2/TodoApp2/.julie/lib/python3.12/site-packages/debug_toolbar/templates/debug_toolbar/panels/history_tr.html first seen with mtime 1724927981.4868624
File /home/muthoni/Desktop/present/Project/Janja program/Django codes/LearnDjango2/TodoApp2/.julie/lib/python3.12/site-packages/debug_toolbar/templates/debug_toolbar/panels/signals.html first seen with mtime 1724927981.4888623
File /home/muthoni/Desktop/present/Project/Janja program/Django codes/LearnDjango2/TodoApp2/.julie/lib/python3.12/site-packages/debug_toolbar/templates/debug_toolbar/panels/timer.html first seen with mtime 1724927981.4898624
File /home/muthoni/Desktop/present/Project/Janja program/Django codes/LearnDjango2/TodoApp2/.julie/lib/python3.12/site-packages/debug_toolbar/templates/debug_toolbar/panels/staticfiles.html first seen with mtime 1724927981.4898624
File /home/muthoni/Desktop/present/Project/Janja program/Django codes/LearnDjango2/TodoApp2/.julie/lib/python3.12/site-packages/debug_toolbar/templates/debug_toolbar/panels/settings.html first seen with mtime 1724927981.4878623
File /home/muthoni/Desktop/present/Project/Janja program/Django codes/LearnDjango2/TodoApp2/.julie/lib/python3.12/site-packages/debug_toolbar/templates/debug_toolbar/panels/template_source.html first seen with mtime 1724927981.4898624
File /home/muthoni/Desktop/present/Project/Janja program/Django codes/LearnDjango2/TodoApp2/.julie/lib/python3.12/site-packages/debug_toolbar/templates/debug_toolbar/panels/headers.html first seen with mtime 1724927981.4868624
File /home/muthoni/Desktop/present/Project/Janja program/Django codes/LearnDjango2/TodoApp2/.julie/lib/python3.12/site-packages/debug_toolbar/templates/debug_toolbar/panels/sql_profile.html first seen with mtime 1724927981.4888623
File /home/muthoni/Desktop/present/Project/Janja program/Django codes/LearnDjango2/TodoApp2/.julie/lib/python3.12/site-packages/debug_toolbar/templates/debug_toolbar/panels/history.html first seen with mtime 1724927981.4868624
File /home/muthoni/Desktop/present/Project/Janja program/Django codes/LearnDjango2/TodoApp2/.julie/lib/python3.12/site-packages/debug_toolbar/templates/debug_toolbar/panels/sql_select.html first seen with mtime 1724927981.4898624
File /home/muthoni/Desktop/present/Project/Janja program/Django codes/LearnDjango2/TodoApp2/.julie/lib/python3.12/site-packages/debug_toolbar/templates/debug_toolbar/panels/request.html first seen with mtime 1724927981.4878623
File /home/muthoni/Desktop/present/Project/Janja program/Django codes/LearnDjango2/TodoApp2/todo_project/todo_app/templates/base.html first seen with mtime 1724926750.2368186
File /home/muthoni/Desktop/present/Project/Janja program/Django codes/LearnDjango2/TodoApp2/todo_project/todo_app/templates/todo_app first seen with mtime 1724786442.617806
File /home/muthoni/Desktop/present/Project/Janja program/Django codes/LearnDjango2/TodoApp2/todo_project/todo_app/templates/todo_app/detail.html first seen with mtime 1724927815.4238565
File /home/muthoni/Desktop/present/Project/Janja program/Django codes/LearnDjango2/TodoApp2/todo_project/todo_app/templates/todo_app/update.html first seen with mtime 1724921371.7266269
File /home/muthoni/Desktop/present/Project/Janja program/Django codes/LearnDjango2/TodoApp2/todo_project/todo_app/templates/todo_app/delete.html first seen with mtime 1724921380.8106272
File /home/muthoni/Desktop/present/Project/Janja program/Django codes/LearnDjango2/TodoApp2/todo_project/todo_app/templates/todo_app/create.html first seen with mtime 1724921375.5976272
File /home/muthoni/Desktop/present/Project/Janja program/Django codes/LearnDjango2/TodoApp2/todo_project/todo_app/templates/todo_app/list.html first seen with mtime 1724924204.6567278
File /home/muthoni/Desktop/present/Project/Janja program/Django codes/LearnDjango2/TodoApp2/todo_project/accounts/templates/accounts first seen with mtime 1724925064.5527585
File /home/muthoni/Desktop/present/Project/Janja program/Django codes/LearnDjango2/TodoApp2/todo_project/accounts/templates/accounts/login.html first seen with mtime 1724925391.8117702
File /home/muthoni/Desktop/present/Project/Janja program/Django codes/LearnDjango2/TodoApp2/todo_project/accounts/templates/accounts/register.html first seen with mtime 1724925360.563769
File /home/muthoni/Desktop/present/Project/Janja program/Django codes/LearnDjango2/TodoApp2/.julie/lib/python3.12/site-packages/debug_toolbar/locale/ru/LC_MESSAGES/django.mo first seen with mtime 1724927981.4718623
File /home/muthoni/Desktop/present/Project/Janja program/Django codes/LearnDjango2/TodoApp2/.julie/lib/python3.12/site-packages/debug_toolbar/locale/pl/LC_MESSAGES/django.mo first seen with mtime 1724927981.4698622
File /home/muthoni/Desktop/present/Project/Janja program/Django codes/LearnDjango2/TodoApp2/.julie/lib/python3.12/site-packages/debug_toolbar/locale/ca/LC_MESSAGES/django.mo first seen with mtime 1724927981.4598622
File /home/muthoni/Desktop/present/Project/Janja program/Django codes/LearnDjango2/TodoApp2/.julie/lib/python3.12/site-packages/debug_toolbar/locale/it/LC_MESSAGES/django.mo first seen with mtime 1724927981.4678624
File /home/muthoni/Desktop/present/Project/Janja program/Django codes/LearnDjango2/TodoApp2/.julie/lib/python3.12/site-packages/debug_toolbar/locale/en/LC_MESSAGES/django.mo first seen with mtime 1724927981.4628623
File /home/muthoni/Desktop/present/Project/Janja program/Django codes/LearnDjango2/TodoApp2/.julie/lib/python3.12/site-packages/debug_toolbar/locale/sk/LC_MESSAGES/django.mo first seen with mtime 1724927981.4738624
File /home/muthoni/Desktop/present/Project/Janja program/Django codes/LearnDjango2/TodoApp2/.julie/lib/python3.12/site-packages/debug_toolbar/locale/ja/LC_MESSAGES/django.mo first seen with mtime 1724927981.4678624
File /home/muthoni/Desktop/present/Project/Janja program/Django codes/LearnDjango2/TodoApp2/.julie/lib/python3.12/site-packages/debug_toolbar/locale/fr/LC_MESSAGES/django.mo first seen with mtime 1724927981.4658623
File /home/muthoni/Desktop/present/Project/Janja program/Django codes/LearnDjango2/TodoApp2/.julie/lib/python3.12/site-packages/debug_toolbar/locale/id/LC_MESSAGES/django.mo first seen with mtime 1724927981.4668624
File /home/muthoni/Desktop/present/Project/Janja program/Django codes/LearnDjango2/TodoApp2/.julie/lib/python3.12/site-packages/debug_toolbar/locale/fa/LC_MESSAGES/django.mo first seen with mtime 1724927981.4638624
File /home/muthoni/Desktop/present/Project/Janja program/Django codes/LearnDjango2/TodoApp2/.julie/lib/python3.12/site-packages/debug_toolbar/locale/he/LC_MESSAGES/django.mo first seen with mtime 1724927981.4658623
File /home/muthoni/Desktop/present/Project/Janja program/Django codes/LearnDjango2/TodoApp2/.julie/lib/python3.12/site-packages/debug_toolbar/locale/pt_BR/LC_MESSAGES/django.mo first seen with mtime 1724927981.4718623
File /home/muthoni/Desktop/present/Project/Janja program/Django codes/LearnDjango2/TodoApp2/.julie/lib/python3.12/site-packages/debug_toolbar/locale/cs/LC_MESSAGES/django.mo first seen with mtime 1724927981.4608624
File /home/muthoni/Desktop/present/Project/Janja program/Django codes/LearnDjango2/TodoApp2/.julie/lib/python3.12/site-packages/debug_toolbar/locale/uk/LC_MESSAGES/django.mo first seen with mtime 1724927981.4758623
File /home/muthoni/Desktop/present/Project/Janja program/Django codes/LearnDjango2/TodoApp2/.julie/lib/python3.12/site-packages/debug_toolbar/locale/pt/LC_MESSAGES/django.mo first seen with mtime 1724927981.4708624
File /home/muthoni/Desktop/present/Project/Janja program/Django codes/LearnDjango2/TodoApp2/.julie/lib/python3.12/site-packages/debug_toolbar/locale/de/LC_MESSAGES/django.mo first seen with mtime 1724927981.4618623
File /home/muthoni/Desktop/present/Project/Janja program/Django codes/LearnDjango2/TodoApp2/.julie/lib/python3.12/site-packages/debug_toolbar/locale/fi/LC_MESSAGES/django.mo first seen with mtime 1724927981.4648623
File /home/muthoni/Desktop/present/Project/Janja program/Django codes/LearnDjango2/TodoApp2/.julie/lib/python3.12/site-packages/debug_toolbar/locale/sv_SE/LC_MESSAGES/django.mo first seen with mtime 1724927981.4748623
File /home/muthoni/Desktop/present/Project/Janja program/Django codes/LearnDjango2/TodoApp2/.julie/lib/python3.12/site-packages/debug_toolbar/locale/es/LC_MESSAGES/django.mo first seen with mtime 1724927981.4628623
File /home/muthoni/Desktop/present/Project/Janja program/Django codes/LearnDjango2/TodoApp2/.julie/lib/python3.12/site-packages/debug_toolbar/locale/zh_CN/LC_MESSAGES/django.mo first seen with mtime 1724927981.4758623
File /home/muthoni/Desktop/present/Project/Janja program/Django codes/LearnDjango2/TodoApp2/.julie/lib/python3.12/site-packages/debug_toolbar/locale/nl/LC_MESSAGES/django.mo first seen with mtime 1724927981.4688623
File /home/muthoni/Desktop/present/Project/Janja program/Django codes/LearnDjango2/TodoApp2/.julie/lib/python3.12/site-packages/django/contrib/auth/migrations/0004_alter_user_username_opts.py first seen with mtime 1724746732.9346416
File /usr/lib/python3.12/encodings/idna.py first seen with mtime 1722447828.0
File /home/muthoni/Desktop/present/Project/Janja program/Django codes/LearnDjango2/TodoApp2/.julie/lib/python3.12/site-packages/django/contrib/auth/migrations/0002_alter_permission_name_max_length.py first seen with mtime 1724746732.933642
File /home/muthoni/Desktop/present/Project/Janja program/Django codes/LearnDjango2/TodoApp2/.julie/lib/python3.12/site-packages/django/contrib/auth/migrations/0001_initial.py first seen with mtime 1724746732.933642
File /home/muthoni/Desktop/present/Project/Janja program/Django codes/LearnDjango2/TodoApp2/todo_project/todo_app/migrations/__init__.py first seen with mtime 1724328835.8130946
File /home/muthoni/Desktop/present/Project/Janja program/Django codes/LearnDjango2/TodoApp2/.julie/lib/python3.12/site-packages/django/contrib/sessions/migrations/0001_initial.py first seen with mtime 1724746733.3015516
File /home/muthoni/Desktop/present/Project/Janja program/Django codes/LearnDjango2/TodoApp2/.julie/lib/python3.12/site-packages/django/contrib/contenttypes/migrations/0001_initial.py first seen with mtime 1724746732.9726322
File /home/muthoni/Desktop/present/Project/Janja program/Django codes/LearnDjango2/TodoApp2/.julie/lib/python3.12/site-packages/django/contrib/contenttypes/migrations/__init__.py first seen with mtime 1724746732.9736319
File /home/muthoni/Desktop/present/Project/Janja program/Django codes/LearnDjango2/TodoApp2/.julie/lib/python3.12/site-packages/django/contrib/contenttypes/migrations/0002_remove_content_type_name.py first seen with mtime 1724746732.9726322
File /home/muthoni/Desktop/present/Project/Janja program/Django codes/LearnDjango2/TodoApp2/todo_project/todo_project/wsgi.py first seen with mtime 1723140138.9304066
File /home/muthoni/Desktop/present/Project/Janja program/Django codes/LearnDjango2/TodoApp2/.julie/lib/python3.12/site-packages/django/contrib/admin/migrations/__init__.py first seen with mtime 1724746732.7896779
File /home/muthoni/Desktop/present/Project/Janja program/Django codes/LearnDjango2/TodoApp2/todo_project/todo_app/migrations/0003_rename_tasks_task.py first seen with mtime 1724666331.9089725
File /home/muthoni/Desktop/present/Project/Janja program/Django codes/LearnDjango2/TodoApp2/.julie/lib/python3.12/site-packages/django/contrib/admin/migrations/0003_logentry_add_action_flag_choices.py first seen with mtime 1724746732.7896779
File /home/muthoni/Desktop/present/Project/Janja program/Django codes/LearnDjango2/TodoApp2/.julie/lib/python3.12/site-packages/django/contrib/auth/migrations/__init__.py first seen with mtime 1724746732.9366412
File /home/muthoni/Desktop/present/Project/Janja program/Django codes/LearnDjango2/TodoApp2/.julie/lib/python3.12/site-packages/django/contrib/auth/migrations/0003_alter_user_email_max_length.py first seen with mtime 1724746732.9346416
File /usr/lib/python3.12/stringprep.py first seen with mtime 1722447828.0
File /home/muthoni/Desktop/present/Project/Janja program/Django codes/LearnDjango2/TodoApp2/.julie/lib/python3.12/site-packages/django/db/migrations/recorder.py first seen with mtime 1724746733.439518
File /home/muthoni/Desktop/present/Project/Janja program/Django codes/LearnDjango2/TodoApp2/.julie/lib/python3.12/site-packages/django/contrib/auth/migrations/0008_alter_user_username_max_length.py first seen with mtime 1724746732.9356413
File /home/muthoni/Desktop/present/Project/Janja program/Django codes/LearnDjango2/TodoApp2/todo_project/todo_app/migrations/0004_alter_task_due_date.py first seen with mtime 1724672759.707384
File /home/muthoni/Desktop/present/Project/Janja program/Django codes/LearnDjango2/TodoApp2/todo_project/accounts/migrations/__init__.py first seen with mtime 1724924252.9477296
File /home/muthoni/Desktop/present/Project/Janja program/Django codes/LearnDjango2/TodoApp2/.julie/lib/python3.12/site-packages/django/contrib/auth/migrations/0006_require_contenttypes_0002.py first seen with mtime 1724746732.9346416
File /home/muthoni/Desktop/present/Project/Janja program/Django codes/LearnDjango2/TodoApp2/.julie/lib/python3.12/site-packages/django/contrib/auth/migrations/0009_alter_user_last_name_max_length.py first seen with mtime 1724746732.9356413
File /home/muthoni/Desktop/present/Project/Janja program/Django codes/LearnDjango2/TodoApp2/todo_project/todo_app/migrations/0001_initial.py first seen with mtime 1724566015.4261482
File /home/muthoni/Desktop/present/Project/Janja program/Django codes/LearnDjango2/TodoApp2/.julie/lib/python3.12/site-packages/django/contrib/admin/migrations/0002_logentry_remove_auto_add.py first seen with mtime 1724746732.7896779
File /home/muthoni/Desktop/present/Project/Janja program/Django codes/LearnDjango2/TodoApp2/.julie/lib/python3.12/site-packages/django/contrib/auth/migrations/0005_alter_user_last_login_null.py first seen with mtime 1724746732.9346416
File /home/muthoni/Desktop/present/Project/Janja program/Django codes/LearnDjango2/TodoApp2/todo_project/todo_app/migrations/0002_tasks_delete_person.py first seen with mtime 1724664867.761294
File /home/muthoni/Desktop/present/Project/Janja program/Django codes/LearnDjango2/TodoApp2/.julie/lib/python3.12/site-packages/django/db/models/sql/compiler.py first seen with mtime 1724746733.484507
File /home/muthoni/Desktop/present/Project/Janja program/Django codes/LearnDjango2/TodoApp2/.julie/lib/python3.12/site-packages/django/contrib/auth/migrations/0010_alter_group_name_max_length.py first seen with mtime 1724746732.9356413
File /home/muthoni/Desktop/present/Project/Janja program/Django codes/LearnDjango2/TodoApp2/.julie/lib/python3.12/site-packages/django/contrib/auth/migrations/0007_alter_validators_add_error_messages.py first seen with mtime 1724746732.9346416
File /home/muthoni/Desktop/present/Project/Janja program/Django codes/LearnDjango2/TodoApp2/.julie/lib/python3.12/site-packages/django/contrib/sessions/backends/db.py first seen with mtime 1724746733.2575624
File /home/muthoni/Desktop/present/Project/Janja program/Django codes/LearnDjango2/TodoApp2/.julie/lib/python3.12/site-packages/django/contrib/auth/migrations/0012_alter_user_first_name_max_length.py first seen with mtime 1724746732.9366412
File /home/muthoni/Desktop/present/Project/Janja program/Django codes/LearnDjango2/TodoApp2/.julie/lib/python3.12/site-packages/django/contrib/sessions/migrations/__init__.py first seen with mtime 1724746733.3025515
File /home/muthoni/Desktop/present/Project/Janja program/Django codes/LearnDjango2/TodoApp2/.julie/lib/python3.12/site-packages/django/contrib/auth/migrations/0011_update_proxy_permissions.py first seen with mtime 1724746732.9356413
File /home/muthoni/Desktop/present/Project/Janja program/Django codes/LearnDjango2/TodoApp2/.julie/lib/python3.12/site-packages/django/contrib/admin/migrations/0001_initial.py first seen with mtime 1724746732.7896779
(0.001) SELECT COUNT(*) AS "__count" FROM "todo_app_task"; args=(); alias=default
(0.000) SELECT "django_session"."session_key", "django_session"."session_data", "django_session"."expire_date" FROM "django_session" WHERE ("django_session"."expire_date" > '2024-08-29 10:58:18.247146' AND "django_session"."session_key" = 'rph6sc4z91765ghqv1140gij8wibwhjh') LIMIT 21; args=('2024-08-29 10:58:18.247146', 'rph6sc4z91765ghqv1140gij8wibwhjh'); alias=default
(0.000) SELECT "auth_user"."id", "auth_user"."password", "auth_user"."last_login", "auth_user"."is_superuser", "auth_user"."username", "auth_user"."first_name", "auth_user"."last_name", "auth_user"."email", "auth_user"."is_staff", "auth_user"."is_active", "auth_user"."date_joined" FROM "auth_user" WHERE "auth_user"."id" = 1 LIMIT 21; args=(1,); alias=default
(0.000) SELECT "todo_app_task"."id", "todo_app_task"."title", "todo_app_task"."description", "todo_app_task"."status", "todo_app_task"."created_at", "todo_app_task"."due_date" FROM "todo_app_task" LIMIT 4; args=(); alias=default
Exception while resolving variable 'task_status' in template 'todo_app/list.html'.
Traceback (most recent call last):
  File "/home/muthoni/Desktop/present/Project/Janja program/Django codes/LearnDjango2/TodoApp2/.julie/lib/python3.12/site-packages/django/template/base.py", line 880, in _resolve_lookup
    current = current[bit]
              ~~~~~~~^^^^^
  File "/home/muthoni/Desktop/present/Project/Janja program/Django codes/LearnDjango2/TodoApp2/.julie/lib/python3.12/site-packages/django/template/context.py", line 83, in __getitem__
    raise KeyError(key)
KeyError: 'task_status'

During handling of the above exception, another exception occurred:

Traceback (most recent call last):
  File "/home/muthoni/Desktop/present/Project/Janja program/Django codes/LearnDjango2/TodoApp2/.julie/lib/python3.12/site-packages/django/template/base.py", line 886, in _resolve_lookup
    if isinstance(current, BaseContext) and getattr(
                                            ^^^^^^^^
AttributeError: type object 'RequestContext' has no attribute 'task_status'

During handling of the above exception, another exception occurred:

Traceback (most recent call last):
  File "/home/muthoni/Desktop/present/Project/Janja program/Django codes/LearnDjango2/TodoApp2/.julie/lib/python3.12/site-packages/django/template/base.py", line 896, in _resolve_lookup
    current = current[int(bit)]
                      ^^^^^^^^
ValueError: invalid literal for int() with base 10: 'task_status'

During handling of the above exception, another exception occurred:

Traceback (most recent call last):
  File "/home/muthoni/Desktop/present/Project/Janja program/Django codes/LearnDjango2/TodoApp2/.julie/lib/python3.12/site-packages/django/template/base.py", line 903, in _resolve_lookup
    raise VariableDoesNotExist(
django.template.base.VariableDoesNotExist: Failed lookup for key [task_status] in [{'True': True, 'False': False, 'None': None}, {'csrf_token': <SimpleLazyObject: <function csrf.<locals>._get_val at 0x7c153433ef20>>, 'debug': True, 'sql_queries': <function debug.<locals>.<lambda> at 0x7c15339bd440>, 'request': <WSGIRequest: GET '/'>, 'user': <SimpleLazyObject: <User: muthoni>>, 'perms': PermWrapper(<SimpleLazyObject: <User: muthoni>>), 'messages': <FallbackStorage: request=<WSGIRequest: GET '/'>>, 'DEFAULT_MESSAGE_LEVELS': {'DEBUG': 10, 'INFO': 20, 'SUCCESS': 25, 'WARNING': 30, 'ERROR': 40}}, {}, {'tasks': <Page 1 of 2>, 'title': 'List'}, {'block': <Block Node: content. Contents: [<TextNode: ' '>, <django.template.defaulttags.LoadNode object at 0x7c153399fc50>, <TextNode: '\n<section class="vh-100 g'>, <ForNode: for task in tasks, tail_len: 11>, <TextNode: '\n            </tbody>\n   '>, <IfNode>, <TextNode: '\n\n              <span cla'>, <Variable Node: tasks.number>, <TextNode: ' of '>, <Variable Node: tasks.paginator.num_pages>, <TextNode: '\n              </span>\n\n '>, <IfNode>, <TextNode: '\n            </span>\n    '>, <URLNode view_name=''create'' args=[] kwargs={} as=None>, <TextNode: '"\n            class="btn '>]>}, {'forloop': {'parentloop': {}, 'counter0': 0, 'counter': 1, 'revcounter': 4, 'revcounter0': 3, 'first': True, 'last': False}, 'task': <Task: Title:First Task
StatusTrue>}]
Exception while resolving variable 'task_status' in template 'todo_app/list.html'.
Traceback (most recent call last):
  File "/home/muthoni/Desktop/present/Project/Janja program/Django codes/LearnDjango2/TodoApp2/.julie/lib/python3.12/site-packages/django/template/base.py", line 880, in _resolve_lookup
    current = current[bit]
              ~~~~~~~^^^^^
  File "/home/muthoni/Desktop/present/Project/Janja program/Django codes/LearnDjango2/TodoApp2/.julie/lib/python3.12/site-packages/django/template/context.py", line 83, in __getitem__
    raise KeyError(key)
KeyError: 'task_status'

During handling of the above exception, another exception occurred:

Traceback (most recent call last):
  File "/home/muthoni/Desktop/present/Project/Janja program/Django codes/LearnDjango2/TodoApp2/.julie/lib/python3.12/site-packages/django/template/base.py", line 886, in _resolve_lookup
    if isinstance(current, BaseContext) and getattr(
                                            ^^^^^^^^
AttributeError: type object 'RequestContext' has no attribute 'task_status'

During handling of the above exception, another exception occurred:

Traceback (most recent call last):
  File "/home/muthoni/Desktop/present/Project/Janja program/Django codes/LearnDjango2/TodoApp2/.julie/lib/python3.12/site-packages/django/template/base.py", line 896, in _resolve_lookup
    current = current[int(bit)]
                      ^^^^^^^^
ValueError: invalid literal for int() with base 10: 'task_status'

During handling of the above exception, another exception occurred:

Traceback (most recent call last):
  File "/home/muthoni/Desktop/present/Project/Janja program/Django codes/LearnDjango2/TodoApp2/.julie/lib/python3.12/site-packages/django/template/base.py", line 903, in _resolve_lookup
    raise VariableDoesNotExist(
django.template.base.VariableDoesNotExist: Failed lookup for key [task_status] in [{'True': True, 'False': False, 'None': None}, {'csrf_token': <SimpleLazyObject: <function csrf.<locals>._get_val at 0x7c153433ef20>>, 'debug': True, 'sql_queries': <function debug.<locals>.<lambda> at 0x7c15339bd440>, 'request': <WSGIRequest: GET '/'>, 'user': <SimpleLazyObject: <User: muthoni>>, 'perms': PermWrapper(<SimpleLazyObject: <User: muthoni>>), 'messages': <FallbackStorage: request=<WSGIRequest: GET '/'>>, 'DEFAULT_MESSAGE_LEVELS': {'DEBUG': 10, 'INFO': 20, 'SUCCESS': 25, 'WARNING': 30, 'ERROR': 40}}, {}, {'tasks': <Page 1 of 2>, 'title': 'List'}, {'block': <Block Node: content. Contents: [<TextNode: ' '>, <django.template.defaulttags.LoadNode object at 0x7c153399fc50>, <TextNode: '\n<section class="vh-100 g'>, <ForNode: for task in tasks, tail_len: 11>, <TextNode: '\n            </tbody>\n   '>, <IfNode>, <TextNode: '\n\n              <span cla'>, <Variable Node: tasks.number>, <TextNode: ' of '>, <Variable Node: tasks.paginator.num_pages>, <TextNode: '\n              </span>\n\n '>, <IfNode>, <TextNode: '\n            </span>\n    '>, <URLNode view_name=''create'' args=[] kwargs={} as=None>, <TextNode: '"\n            class="btn '>]>}, {'forloop': {'parentloop': {}, 'counter0': 1, 'counter': 2, 'revcounter': 3, 'revcounter0': 2, 'first': False, 'last': False}, 'task': <Task: Title:Second Tasks
StatusFalse>}]
Exception while resolving variable 'task_status' in template 'todo_app/list.html'.
Traceback (most recent call last):
  File "/home/muthoni/Desktop/present/Project/Janja program/Django codes/LearnDjango2/TodoApp2/.julie/lib/python3.12/site-packages/django/template/base.py", line 880, in _resolve_lookup
    current = current[bit]
              ~~~~~~~^^^^^
  File "/home/muthoni/Desktop/present/Project/Janja program/Django codes/LearnDjango2/TodoApp2/.julie/lib/python3.12/site-packages/django/template/context.py", line 83, in __getitem__
    raise KeyError(key)
KeyError: 'task_status'

During handling of the above exception, another exception occurred:

Traceback (most recent call last):
  File "/home/muthoni/Desktop/present/Project/Janja program/Django codes/LearnDjango2/TodoApp2/.julie/lib/python3.12/site-packages/django/template/base.py", line 886, in _resolve_lookup
    if isinstance(current, BaseContext) and getattr(
                                            ^^^^^^^^
AttributeError: type object 'RequestContext' has no attribute 'task_status'

During handling of the above exception, another exception occurred:

Traceback (most recent call last):
  File "/home/muthoni/Desktop/present/Project/Janja program/Django codes/LearnDjango2/TodoApp2/.julie/lib/python3.12/site-packages/django/template/base.py", line 896, in _resolve_lookup
    current = current[int(bit)]
                      ^^^^^^^^
ValueError: invalid literal for int() with base 10: 'task_status'

During handling of the above exception, another exception occurred:

Traceback (most recent call last):
  File "/home/muthoni/Desktop/present/Project/Janja program/Django codes/LearnDjango2/TodoApp2/.julie/lib/python3.12/site-packages/django/template/base.py", line 903, in _resolve_lookup
    raise VariableDoesNotExist(
django.template.base.VariableDoesNotExist: Failed lookup for key [task_status] in [{'True': True, 'False': False, 'None': None}, {'csrf_token': <SimpleLazyObject: <function csrf.<locals>._get_val at 0x7c153433ef20>>, 'debug': True, 'sql_queries': <function debug.<locals>.<lambda> at 0x7c15339bd440>, 'request': <WSGIRequest: GET '/'>, 'user': <SimpleLazyObject: <User: muthoni>>, 'perms': PermWrapper(<SimpleLazyObject: <User: muthoni>>), 'messages': <FallbackStorage: request=<WSGIRequest: GET '/'>>, 'DEFAULT_MESSAGE_LEVELS': {'DEBUG': 10, 'INFO': 20, 'SUCCESS': 25, 'WARNING': 30, 'ERROR': 40}}, {}, {'tasks': <Page 1 of 2>, 'title': 'List'}, {'block': <Block Node: content. Contents: [<TextNode: ' '>, <django.template.defaulttags.LoadNode object at 0x7c153399fc50>, <TextNode: '\n<section class="vh-100 g'>, <ForNode: for task in tasks, tail_len: 11>, <TextNode: '\n            </tbody>\n   '>, <IfNode>, <TextNode: '\n\n              <span cla'>, <Variable Node: tasks.number>, <TextNode: ' of '>, <Variable Node: tasks.paginator.num_pages>, <TextNode: '\n              </span>\n\n '>, <IfNode>, <TextNode: '\n            </span>\n    '>, <URLNode view_name=''create'' args=[] kwargs={} as=None>, <TextNode: '"\n            class="btn '>]>}, {'forloop': {'parentloop': {}, 'counter0': 2, 'counter': 3, 'revcounter': 2, 'revcounter0': 1, 'first': False, 'last': False}, 'task': <Task: Title:learn update view
StatusFalse>}]
Exception while resolving variable 'task_status' in template 'todo_app/list.html'.
Traceback (most recent call last):
  File "/home/muthoni/Desktop/present/Project/Janja program/Django codes/LearnDjango2/TodoApp2/.julie/lib/python3.12/site-packages/django/template/base.py", line 880, in _resolve_lookup
    current = current[bit]
              ~~~~~~~^^^^^
  File "/home/muthoni/Desktop/present/Project/Janja program/Django codes/LearnDjango2/TodoApp2/.julie/lib/python3.12/site-packages/django/template/context.py", line 83, in __getitem__
    raise KeyError(key)
KeyError: 'task_status'

During handling of the above exception, another exception occurred:

Traceback (most recent call last):
  File "/home/muthoni/Desktop/present/Project/Janja program/Django codes/LearnDjango2/TodoApp2/.julie/lib/python3.12/site-packages/django/template/base.py", line 886, in _resolve_lookup
    if isinstance(current, BaseContext) and getattr(
                                            ^^^^^^^^
AttributeError: type object 'RequestContext' has no attribute 'task_status'

During handling of the above exception, another exception occurred:

Traceback (most recent call last):
  File "/home/muthoni/Desktop/present/Project/Janja program/Django codes/LearnDjango2/TodoApp2/.julie/lib/python3.12/site-packages/django/template/base.py", line 896, in _resolve_lookup
    current = current[int(bit)]
                      ^^^^^^^^
ValueError: invalid literal for int() with base 10: 'task_status'

During handling of the above exception, another exception occurred:

Traceback (most recent call last):
  File "/home/muthoni/Desktop/present/Project/Janja program/Django codes/LearnDjango2/TodoApp2/.julie/lib/python3.12/site-packages/django/template/base.py", line 903, in _resolve_lookup
    raise VariableDoesNotExist(
django.template.base.VariableDoesNotExist: Failed lookup for key [task_status] in [{'True': True, 'False': False, 'None': None}, {'csrf_token': <SimpleLazyObject: <function csrf.<locals>._get_val at 0x7c153433ef20>>, 'debug': True, 'sql_queries': <function debug.<locals>.<lambda> at 0x7c15339bd440>, 'request': <WSGIRequest: GET '/'>, 'user': <SimpleLazyObject: <User: muthoni>>, 'perms': PermWrapper(<SimpleLazyObject: <User: muthoni>>), 'messages': <FallbackStorage: request=<WSGIRequest: GET '/'>>, 'DEFAULT_MESSAGE_LEVELS': {'DEBUG': 10, 'INFO': 20, 'SUCCESS': 25, 'WARNING': 30, 'ERROR': 40}}, {}, {'tasks': <Page 1 of 2>, 'title': 'List'}, {'block': <Block Node: content. Contents: [<TextNode: ' '>, <django.template.defaulttags.LoadNode object at 0x7c153399fc50>, <TextNode: '\n<section class="vh-100 g'>, <ForNode: for task in tasks, tail_len: 11>, <TextNode: '\n            </tbody>\n   '>, <IfNode>, <TextNode: '\n\n              <span cla'>, <Variable Node: tasks.number>, <TextNode: ' of '>, <Variable Node: tasks.paginator.num_pages>, <TextNode: '\n              </span>\n\n '>, <IfNode>, <TextNode: '\n            </span>\n    '>, <URLNode view_name=''create'' args=[] kwargs={} as=None>, <TextNode: '"\n            class="btn '>]>}, {'forloop': {'parentloop': {}, 'counter0': 3, 'counter': 4, 'revcounter': 1, 'revcounter0': 0, 'first': False, 'last': True}, 'task': <Task: Title:Updated task
StatusFalse>}]
"GET / HTTP/1.1" 200 18091
"GET /static/debug_toolbar/css/print.css HTTP/1.1" 304 0
"GET /static/debug_toolbar/js/toolbar.js HTTP/1.1" 304 0
"GET /static/debug_toolbar/css/toolbar.css HTTP/1.1" 304 0
"GET /static/debug_toolbar/js/utils.js HTTP/1.1" 304 0
File /home/muthoni/Desktop/present/Project/Janja program/Django codes/LearnDjango2/TodoApp2/.julie/lib/python3.12/site-packages/django/conf/locale/en/formats.py first seen with mtime 1724746732.6307178
File /home/muthoni/Desktop/present/Project/Janja program/Django codes/LearnDjango2/TodoApp2/.julie/lib/python3.12/site-packages/django/contrib/sessions/serializers.py first seen with mtime 1724746733.2555628
File /home/muthoni/Desktop/present/Project/Janja program/Django codes/LearnDjango2/TodoApp2/.julie/lib/python3.12/site-packages/django/template/context_processors.py first seen with mtime 1724746733.5374942
File /home/muthoni/Desktop/present/Project/Janja program/Django codes/LearnDjango2/TodoApp2/.julie/lib/python3.12/site-packages/django/contrib/messages/storage/session.py first seen with mtime 1724746733.1555872
File /home/muthoni/Desktop/present/Project/Janja program/Django codes/LearnDjango2/TodoApp2/.julie/lib/python3.12/site-packages/django/conf/locale/en/__init__.py first seen with mtime 1724746732.6307178
File /home/muthoni/Desktop/present/Project/Janja program/Django codes/LearnDjango2/TodoApp2/.julie/lib/python3.12/site-packages/django/contrib/messages/storage/cookie.py first seen with mtime 1724746733.1555872
File /home/muthoni/Desktop/present/Project/Janja program/Django codes/LearnDjango2/TodoApp2/.julie/lib/python3.12/site-packages/django/contrib/messages/context_processors.py first seen with mtime 1724746733.1535878
File /home/muthoni/Desktop/present/Project/Janja program/Django codes/LearnDjango2/TodoApp2/.julie/lib/python3.12/site-packages/django/contrib/messages/storage/fallback.py first seen with mtime 1724746733.1555872
File /home/muthoni/Desktop/present/Project/Janja program/Django codes/LearnDjango2/TodoApp2/.julie/lib/python3.12/site-packages/django/contrib/auth/context_processors.py first seen with mtime 1724746732.8756564
